"../../../Engine/Content/EngineMaterials/T_Default_Material_Grid_M.uasset" 0
"../../../Engine/Content/EngineMaterials/T_Default_Material_Grid_M.ubulk" 1
"../../../Engine/Content/EngineMaterials/T_Default_Material_Grid_M.uexp" 2
"../../../Engine/Content/EngineMaterials/T_Default_Material_Grid_N.uasset" 3
"../../../Engine/Content/EngineMaterials/T_Default_Material_Grid_N.ubulk" 4
"../../../Engine/Content/EngineMaterials/T_Default_Material_Grid_N.uexp" 5
"../../../Engine/Content/Functions/Engine_MaterialFunctions01/Opacity/CameraDepthFade.uasset" 6
"../../../Engine/Content/Functions/Engine_MaterialFunctions01/Opacity/CameraDepthFade.uexp" 7
"../../../Engine/Content/EngineMaterials/WorldGridMaterial.uasset" 8
"../../../Engine/Content/EngineMaterials/WorldGridMaterial.uexp" 9
"../../../Engine/Content/BasicShapes/Plane.uasset" 10
"../../../Engine/Content/BasicShapes/Plane.uexp" 11
"../../../Engine/Content/EngineMaterials/DefaultMaterial.uasset" 12
"../../../Engine/Content/EngineMaterials/DefaultMaterial.uexp" 13
"../../../Engine/Content/BasicShapes/Cylinder.uasset" 14
"../../../Engine/Content/BasicShapes/Cylinder.uexp" 15
"../../../Engine/Content/BasicShapes/Cone.uasset" 16
"../../../Engine/Content/BasicShapes/Cone.uexp" 17
"../../../Engine/Content/ArtTools/RenderToTexture/Meshes/S_1_Unit_Plane.uasset" 18
"../../../Engine/Content/ArtTools/RenderToTexture/Meshes/S_1_Unit_Plane.uexp" 19
"../../../Engine/Content/EditorLandscapeResources/DefaultAlphaTexture.uasset" 20
"../../../Engine/Content/EditorLandscapeResources/DefaultAlphaTexture.uexp" 21
"../../../Engine/Content/EditorLandscapeResources/DataLayer.uasset" 22
"../../../Engine/Content/EditorLandscapeResources/DataLayer.uexp" 23
"../../../Engine/Content/EditorMaterials/MAT_Groups_Visibility.uasset" 24
"../../../Engine/Content/EditorMaterials/MAT_Groups_Visibility.uexp" 25
"../../../Engine/Content/EditorMaterials/MAT_Groups_Toggle.uasset" 26
"../../../Engine/Content/EditorMaterials/MAT_Groups_Toggle.uexp" 27
"../../../Engine/Content/EditorMaterials/PreviewShadowIndicator.uasset" 28
"../../../Engine/Content/EditorMaterials/PreviewShadowIndicator.ubulk" 29
"../../../Engine/Content/EditorMaterials/PreviewShadowIndicator.uexp" 30
"../../../Engine/Content/EditorMaterials/PreviewShadowIndicatorMaterial.uasset" 31
"../../../Engine/Content/EditorMaterials/PreviewShadowIndicatorMaterial.uexp" 32
"../../../Engine/Content/EditorMaterials/MatineeGroups/MAT_Groups_Vector.uasset" 33
"../../../Engine/Content/EditorMaterials/MatineeGroups/MAT_Groups_Vector.uexp" 34
"../../../Engine/Content/EditorMaterials/MatineeGroups/MAT_Groups_Sound.uasset" 35
"../../../Engine/Content/EditorMaterials/MatineeGroups/MAT_Groups_Sound.uexp" 36
"../../../Engine/Content/EditorMaterials/MatineeGroups/MAT_Groups_Slomo.uasset" 37
"../../../Engine/Content/EditorMaterials/MatineeGroups/MAT_Groups_Slomo.uexp" 38
"../../../Engine/Content/EditorMaterials/MatineeGroups/MAT_Groups_Move.uasset" 39
"../../../Engine/Content/EditorMaterials/MatineeGroups/MAT_Groups_Move.uexp" 40
"../../../Engine/Content/EditorMaterials/MatineeGroups/MAT_Groups_Float.uasset" 41
"../../../Engine/Content/EditorMaterials/MatineeGroups/MAT_Groups_Float.uexp" 42
"../../../Engine/Content/EditorMaterials/MatineeGroups/MAT_Groups_Fade.uasset" 43
"../../../Engine/Content/EditorMaterials/MatineeGroups/MAT_Groups_Fade.uexp" 44
"../../../Engine/Content/EditorMaterials/MatineeGroups/MAT_Groups_Event.uasset" 45
"../../../Engine/Content/EditorMaterials/MatineeGroups/MAT_Groups_Event.uexp" 46
"../../../Engine/Content/EditorMaterials/MatineeGroups/MAT_Groups_Director.uasset" 47
"../../../Engine/Content/EditorMaterials/MatineeGroups/MAT_Groups_Director.uexp" 48
"../../../Engine/Content/EditorMaterials/MatineeGroups/MAT_Groups_AudioMaster.uasset" 49
"../../../Engine/Content/EditorMaterials/MatineeGroups/MAT_Groups_AudioMaster.uexp" 50
"../../../Engine/Content/EditorMaterials/MatineeGroups/MAT_Groups_Anim.uasset" 51
"../../../Engine/Content/EditorMaterials/MatineeGroups/MAT_Groups_Anim.uexp" 52
"../../../Engine/Content/EditorMaterials/MatineeGroups/MAT_ColorTrack.uasset" 53
"../../../Engine/Content/EditorMaterials/MatineeGroups/MAT_ColorTrack.uexp" 54
"../../../Engine/Content/Functions/Engine_MaterialFunctions02/Utility/MakeFloat4.uasset" 55
"../../../Engine/Content/Functions/Engine_MaterialFunctions02/Utility/MakeFloat4.uexp" 56
"../../../Engine/Content/Functions/Engine_MaterialFunctions02/Utility/MakeFloat3.uasset" 57
"../../../Engine/Content/Functions/Engine_MaterialFunctions02/Utility/MakeFloat3.uexp" 58
"../../../Engine/Content/Functions/Engine_MaterialFunctions02/Utility/BreakOutFloat3Components.uasset" 59
"../../../Engine/Content/Functions/Engine_MaterialFunctions02/Utility/BreakOutFloat3Components.uexp" 60
"../../../Engine/Content/EditorMaterials/WorldPartition/WorldPartitionSpatialHashGridPreviewMaterial.uasset" 61
"../../../Engine/Content/EditorMaterials/WorldPartition/WorldPartitionSpatialHashGridPreviewMaterial.uexp" 62
"../../../Engine/Content/EditorMaterials/ParticleSystems/PSysThumbnail_OOD.uasset" 63
"../../../Engine/Content/EditorMaterials/ParticleSystems/PSysThumbnail_OOD.ubulk" 64
"../../../Engine/Content/EditorMaterials/ParticleSystems/PSysThumbnail_OOD.uexp" 65
"../../../Engine/Content/EditorMaterials/ParticleSystems/PSysThumbnail_NoImage.uasset" 66
"../../../Engine/Content/EditorMaterials/ParticleSystems/PSysThumbnail_NoImage.ubulk" 67
"../../../Engine/Content/EditorMaterials/ParticleSystems/PSysThumbnail_NoImage.uexp" 68
"../../../Engine/Content/EditorMaterials/Camera/CineMat.uasset" 69
"../../../Engine/Content/EditorMaterials/Camera/CineMat.uexp" 70
"../../../Engine/Content/EditorMaterials/Camera/MI_CineMat_Rig.uasset" 71
"../../../Engine/Content/EditorMaterials/Camera/MI_CineMat_Rig.uexp" 72
"../../../Engine/Content/EditorMeshes/Camera/SM_RailRig_Track.uasset" 73
"../../../Engine/Content/EditorMeshes/Camera/SM_RailRig_Track.uexp" 74
"../../../Engine/Content/EditorMeshes/Camera/SM_RailRig_Mount.uasset" 75
"../../../Engine/Content/EditorMeshes/Camera/SM_RailRig_Mount.uexp" 76
"../../../Engine/Content/EditorMeshes/Camera/SM_CraneRig_Mount.uasset" 77
"../../../Engine/Content/EditorMeshes/Camera/SM_CraneRig_Mount.uexp" 78
"../../../Engine/Content/EditorMeshes/Camera/SM_CraneRig_Body.uasset" 79
"../../../Engine/Content/EditorMeshes/Camera/SM_CraneRig_Body.uexp" 80
"../../../Engine/Content/EditorMeshes/Camera/SM_CraneRig_Base.uasset" 81
"../../../Engine/Content/EditorMeshes/Camera/SM_CraneRig_Base.uexp" 82
"../../../Engine/Content/EditorMeshes/Camera/SM_CraneRig_Arm.uasset" 83
"../../../Engine/Content/EditorMeshes/Camera/SM_CraneRig_Arm.uexp" 84
"../../../Engine/Content/EditorResources/S_Actor.uasset" 85
"../../../Engine/Content/EditorResources/S_Actor.ubulk" 86
"../../../Engine/Content/EditorResources/S_Actor.uexp" 87
"../../../Engine/Content/EditorResources/EmptyActor.uasset" 88
"../../../Engine/Content/EditorResources/EmptyActor.uexp" 89
"../../../Engine/Content/EditorResources/S_TriggerSphere.uasset" 90
"../../../Engine/Content/EditorResources/S_TriggerSphere.uexp" 91
"../../../Engine/Content/EditorResources/S_TriggerCapsule.uasset" 92
"../../../Engine/Content/EditorResources/S_TriggerCapsule.uexp" 93
"../../../Engine/Content/EditorResources/S_TriggerBox.uasset" 94
"../../../Engine/Content/EditorResources/S_TriggerBox.uexp" 95
"../../../Engine/Content/EditorResources/S_Trigger.uasset" 96
"../../../Engine/Content/EditorResources/S_Trigger.ubulk" 97
"../../../Engine/Content/EditorResources/S_Trigger.uexp" 98
"../../../Engine/Content/EditorResources/S_Terrain.uasset" 99
"../../../Engine/Content/EditorResources/S_Terrain.ubulk" 100
"../../../Engine/Content/EditorResources/S_Terrain.uexp" 101
"../../../Engine/Content/EditorResources/S_Solver.uasset" 102
"../../../Engine/Content/EditorResources/S_Solver.ubulk" 103
"../../../Engine/Content/EditorResources/S_Solver.uexp" 104
"../../../Engine/Content/EditorResources/S_BoxReflectionCapture.uasset" 105
"../../../Engine/Content/EditorResources/S_BoxReflectionCapture.uexp" 106
"../../../Engine/Content/EditorResources/BSPVertex.uasset" 107
"../../../Engine/Content/EditorResources/BSPVertex.uexp" 108
"../../../Engine/Content/EditorResources/SequenceRecorder/RecordingIndicator.uasset" 109
"../../../Engine/Content/EditorResources/SequenceRecorder/RecordingIndicator.uexp" 110
"../../../Engine/Content/EditorResources/SequenceRecorder/Countdown.uasset" 111
"../../../Engine/Content/EditorResources/SequenceRecorder/Countdown.uexp" 112
"../../../Engine/Content/EngineDamageTypes/DmgTypeBP_Environmental.uasset" 113
"../../../Engine/Content/EngineDamageTypes/DmgTypeBP_Environmental.uexp" 114
"../../../Engine/Content/Functions/Engine_MaterialFunctions02/Utility/CameraDirectionVector.uasset" 115
"../../../Engine/Content/Functions/Engine_MaterialFunctions02/Utility/CameraDirectionVector.uexp" 116
"../../../Engine/Content/EngineDebugMaterials/VolumeToRender.uasset" 117
"../../../Engine/Content/EngineDebugMaterials/VolumeToRender.uexp" 118
"../../../Engine/Content/EngineDebugMaterials/M_VolumeRenderSphereTracePP.uasset" 119
"../../../Engine/Content/EngineDebugMaterials/M_VolumeRenderSphereTracePP.uexp" 120
"../../../Engine/Content/EngineDebugMaterials/M_SimpleUnlitTranslucent.uasset" 121
"../../../Engine/Content/EngineDebugMaterials/M_SimpleUnlitTranslucent.uexp" 122
"../../../Engine/Content/EngineDebugMaterials/DebugMeshMaterial.uasset" 123
"../../../Engine/Content/EngineDebugMaterials/DebugMeshMaterial.uexp" 124
"../../../Engine/Content/EngineDebugMaterials/DebugEditorMaterial.uasset" 125
"../../../Engine/Content/EngineDebugMaterials/DebugEditorMaterial.uexp" 126
"../../../Engine/Content/EngineFonts/Faces/RobotoLight.uasset" 127
"../../../Engine/Content/EngineFonts/Faces/RobotoLight.ufont" 128
"../../../Engine/Content/EngineFonts/Faces/RobotoLight.uexp" 129
"../../../Engine/Content/EngineFonts/Faces/RobotoBold.uasset" 130
"../../../Engine/Content/EngineFonts/Faces/RobotoBold.ufont" 131
"../../../Engine/Content/EngineFonts/Faces/RobotoBold.uexp" 132
"../../../Engine/Content/EngineFonts/Faces/RobotoRegular.uasset" 133
"../../../Engine/Content/EngineFonts/Faces/RobotoRegular.ufont" 134
"../../../Engine/Content/EngineFonts/Faces/RobotoRegular.uexp" 135
"../../../Engine/Content/EngineFonts/Faces/DroidSansFallback.uasset" 136
"../../../Engine/Content/EngineFonts/Faces/DroidSansFallback.ufont" 137
"../../../Engine/Content/EngineFonts/Faces/DroidSansFallback.uexp" 138
"../../../Engine/Content/EngineFonts/Faces/RobotoItalic.uasset" 139
"../../../Engine/Content/EngineFonts/Faces/RobotoItalic.ufont" 140
"../../../Engine/Content/EngineFonts/Faces/RobotoItalic.uexp" 141
"../../../Engine/Content/EngineFonts/Faces/RobotoBoldItalic.uasset" 142
"../../../Engine/Content/EngineFonts/Faces/RobotoBoldItalic.ufont" 143
"../../../Engine/Content/EngineFonts/Faces/RobotoBoldItalic.uexp" 144
"../../../Engine/Content/EngineFonts/Roboto.uasset" 145
"../../../Engine/Content/EngineFonts/Roboto.uexp" 146
"../../../Engine/Content/EngineMaterials/DefaultBloomKernel.uasset" 147
"../../../Engine/Content/EngineMaterials/DefaultBloomKernel.uexp" 148
"../../../Engine/Content/EngineResources/WhiteSquareTexture.uasset" 149
"../../../Engine/Content/EngineResources/WhiteSquareTexture.uexp" 150
"../../../Engine/Content/EngineMaterials/Widget3DPassThrough.uasset" 151
"../../../Engine/Content/EngineMaterials/Widget3DPassThrough.uexp" 152
"../../../Engine/Content/EngineMaterials/Widget3DPassThrough_Translucent.uasset" 153
"../../../Engine/Content/EngineMaterials/Widget3DPassThrough_Translucent.uexp" 154
"../../../Engine/Content/EngineMaterials/Widget3DPassThrough_Translucent_OneSided.uasset" 155
"../../../Engine/Content/EngineMaterials/Widget3DPassThrough_Translucent_OneSided.uexp" 156
"../../../Engine/Content/EngineMaterials/Widget3DPassThrough_Opaque.uasset" 157
"../../../Engine/Content/EngineMaterials/Widget3DPassThrough_Opaque.uexp" 158
"../../../Engine/Content/EngineMaterials/Widget3DPassThrough_Opaque_OneSided.uasset" 159
"../../../Engine/Content/EngineMaterials/Widget3DPassThrough_Opaque_OneSided.uexp" 160
"../../../Engine/Content/EngineMaterials/Widget3DPassThrough_Masked_OneSided.uasset" 161
"../../../Engine/Content/EngineMaterials/Widget3DPassThrough_Masked_OneSided.uexp" 162
"../../../Engine/Content/EngineMaterials/Widget3DPassThrough_Masked.uasset" 163
"../../../Engine/Content/EngineMaterials/Widget3DPassThrough_Masked.uexp" 164
"../../../Engine/Content/EngineMaterials/WeightMapPlaceholderTexture.uasset" 165
"../../../Engine/Content/EngineMaterials/WeightMapPlaceholderTexture.uexp" 166
"../../../Engine/Content/EngineMaterials/RemoveSurfaceMaterial.uasset" 167
"../../../Engine/Content/EngineMaterials/RemoveSurfaceMaterial.uexp" 168
"../../../Engine/Content/EngineMaterials/PreintegratedSkinBRDF.uasset" 169
"../../../Engine/Content/EngineMaterials/PreintegratedSkinBRDF.uexp" 170
"../../../Engine/Content/Functions/Engine_MaterialFunctions02/WorldPositionOffset/CameraOffset.uasset" 171
"../../../Engine/Content/Functions/Engine_MaterialFunctions02/WorldPositionOffset/CameraOffset.uexp" 172
"../../../Engine/Content/EngineMaterials/PhAT_JointLimitMaterial.uasset" 173
"../../../Engine/Content/EngineMaterials/PhAT_JointLimitMaterial.uexp" 174
"../../../Engine/Content/EngineMaterials/DefaultCalibrationGrayscale.uasset" 175
"../../../Engine/Content/EngineMaterials/DefaultCalibrationGrayscale.uexp" 176
"../../../Engine/Content/EngineMaterials/PPM_DefaultCalibrationGrayscale.uasset" 177
"../../../Engine/Content/EngineMaterials/PPM_DefaultCalibrationGrayscale.uexp" 178
"../../../Engine/Content/EngineMaterials/DefaultCalibrationColor.uasset" 179
"../../../Engine/Content/EngineMaterials/DefaultCalibrationColor.uexp" 180
"../../../Engine/Content/EngineMaterials/PPM_DefaultCalibrationColor.uasset" 181
"../../../Engine/Content/EngineMaterials/PPM_DefaultCalibrationColor.uexp" 182
"../../../Engine/Content/EngineMaterials/MiniFont.uasset" 183
"../../../Engine/Content/EngineMaterials/MiniFont.uexp" 184
"../../../Engine/Content/EngineMaterials/InvalidLightmapSettings.uasset" 185
"../../../Engine/Content/EngineMaterials/InvalidLightmapSettings.ubulk" 186
"../../../Engine/Content/EngineMaterials/InvalidLightmapSettings.uexp" 187
"../../../Engine/Content/EngineMaterials/M_InvalidLightmapSettings.uasset" 188
"../../../Engine/Content/EngineMaterials/M_InvalidLightmapSettings.uexp" 189
"../../../Engine/Content/EngineMaterials/Good64x64TilingNoiseHighFreq.uasset" 190
"../../../Engine/Content/EngineMaterials/Good64x64TilingNoiseHighFreq.uexp" 191
"../../../Engine/Content/EngineMaterials/GizmoMaterial.uasset" 192
"../../../Engine/Content/EngineMaterials/GizmoMaterial.uexp" 193
"../../../Engine/Content/EngineMaterials/DefaultWhiteGrid_Low.uasset" 194
"../../../Engine/Content/EngineMaterials/DefaultWhiteGrid_Low.uexp" 195
"../../../Engine/Content/EngineMaterials/EmissiveMeshMaterial.uasset" 196
"../../../Engine/Content/EngineMaterials/EmissiveMeshMaterial.uexp" 197
"../../../Engine/Content/EngineMaterials/DefaultWhiteGrid.uasset" 198
"../../../Engine/Content/EngineMaterials/DefaultWhiteGrid.ubulk" 199
"../../../Engine/Content/EngineMaterials/DefaultWhiteGrid.uexp" 200
"../../../Engine/Content/EngineFonts/RobotoDistanceField.uasset" 201
"../../../Engine/Content/EngineFonts/RobotoDistanceField.uexp" 202
"../../../Engine/Content/EngineMaterials/DefaultTextMaterialOpaque.uasset" 203
"../../../Engine/Content/EngineMaterials/DefaultTextMaterialOpaque.uexp" 204
"../../../Engine/Content/EngineMaterials/DefaultDiffuse.uasset" 205
"../../../Engine/Content/EngineMaterials/DefaultDiffuse.ubulk" 206
"../../../Engine/Content/EngineMaterials/DefaultDiffuse.uexp" 207
"../../../Engine/Content/Functions/Engine_MaterialFunctions02/Utility/BreakOutFloat2Components.uasset" 208
"../../../Engine/Content/Functions/Engine_MaterialFunctions02/Utility/BreakOutFloat2Components.uexp" 209
"../../../Engine/Content/EngineMaterials/DefaultPostProcessMaterial.uasset" 210
"../../../Engine/Content/EngineMaterials/DefaultPostProcessMaterial.uexp" 211
"../../../Engine/Content/EngineMaterials/DefaultLightFunctionMaterial.uasset" 212
"../../../Engine/Content/EngineMaterials/DefaultLightFunctionMaterial.uexp" 213
"../../../Engine/Content/EngineMaterials/DefaultDeferredDecalMaterial.uasset" 214
"../../../Engine/Content/EngineMaterials/DefaultDeferredDecalMaterial.uexp" 215
"../../../Engine/Content/EngineMaterials/DefaultBokeh.uasset" 216
"../../../Engine/Content/EngineMaterials/DefaultBokeh.uexp" 217
"../../../Engine/Content/EngineMeshes/Sphere.uasset" 218
"../../../Engine/Content/EngineMeshes/Sphere.uexp" 219
"../../../Engine/Content/EngineMaterials/BaseFlattenEmissiveMap_VT.uasset" 220
"../../../Engine/Content/EngineMaterials/BaseFlattenEmissiveMap_VT.uexp" 221
"../../../Engine/Content/EngineMaterials/BaseFlattenGrayscaleMap_VT.uasset" 222
"../../../Engine/Content/EngineMaterials/BaseFlattenGrayscaleMap_VT.uexp" 223
"../../../Engine/Content/EngineMaterials/BaseFlattenLinearColor_VT.uasset" 224
"../../../Engine/Content/EngineMaterials/BaseFlattenLinearColor_VT.uexp" 225
"../../../Engine/Content/EngineMaterials/Black_1x1_EXR_Texture_VT.uasset" 226
"../../../Engine/Content/EngineMaterials/Black_1x1_EXR_Texture_VT.uexp" 227
"../../../Engine/Content/EngineMaterials/BaseFlattenDiffuseMap_VT.uasset" 228
"../../../Engine/Content/EngineMaterials/BaseFlattenDiffuseMap_VT.uexp" 229
"../../../Engine/Content/EngineMaterials/BaseFlattenNormalMap_VT.uasset" 230
"../../../Engine/Content/EngineMaterials/BaseFlattenNormalMap_VT.uexp" 231
"../../../Engine/Content/EngineMaterials/FlattenMaterial_WS_Normal_VT.uasset" 232
"../../../Engine/Content/EngineMaterials/FlattenMaterial_WS_Normal_VT.uexp" 233
"../../../Engine/Content/EngineMaterials/FlattenMaterial_VT.uasset" 234
"../../../Engine/Content/EngineMaterials/FlattenMaterial_VT.uexp" 235
"../../../Engine/Content/EngineMaterials/BaseFlattenNormalMap.uasset" 236
"../../../Engine/Content/EngineMaterials/BaseFlattenNormalMap.uexp" 237
"../../../Engine/Content/EngineMaterials/BaseFlattenGrayscaleMap.uasset" 238
"../../../Engine/Content/EngineMaterials/BaseFlattenGrayscaleMap.uexp" 239
"../../../Engine/Content/EngineMaterials/BaseFlattenDiffuseMap.uasset" 240
"../../../Engine/Content/EngineMaterials/BaseFlattenDiffuseMap.uexp" 241
"../../../Engine/Content/Functions/Engine_MaterialFunctions02/PivotPainter2/Black_1x1_EXR_Texture.uasset" 242
"../../../Engine/Content/Functions/Engine_MaterialFunctions02/PivotPainter2/Black_1x1_EXR_Texture.uexp" 243
"../../../Engine/Content/EngineMaterials/BaseFlattenEmissiveMap.uasset" 244
"../../../Engine/Content/EngineMaterials/BaseFlattenEmissiveMap.uexp" 245
"../../../Engine/Content/EngineMaterials/BaseFlattenLinearColor.uasset" 246
"../../../Engine/Content/EngineMaterials/BaseFlattenLinearColor.uexp" 247
"../../../Engine/Content/EngineMaterials/FlattenMaterial.uasset" 248
"../../../Engine/Content/EngineMaterials/FlattenMaterial.uexp" 249
"../../../Engine/Content/EngineMaterials/BlueNoise.uasset" 250
"../../../Engine/Content/EngineMaterials/BlueNoise.uexp" 251
"../../../Engine/Content/EngineMaterials/DefaultPhysicalMaterial.uasset" 252
"../../../Engine/Content/EngineMaterials/DefaultPhysicalMaterial.uexp" 253
"../../../Engine/Content/EngineMaterials/DefaultDestructiblePhysicalMaterial.uasset" 254
"../../../Engine/Content/EngineMaterials/DefaultDestructiblePhysicalMaterial.uexp" 255
"../../../Engine/Content/EngineResources/GradientTexture0.uasset" 256
"../../../Engine/Content/EngineResources/GradientTexture0.uexp" 257
"../../../Engine/Content/EngineResources/DefaultTextureCube.uasset" 258
"../../../Engine/Content/EngineResources/DefaultTextureCube.uexp" 259
"../../../Engine/Content/EngineResources/DefaultTexture.uasset" 260
"../../../Engine/Content/EngineResources/DefaultTexture.ubulk" 261
"../../../Engine/Content/EngineResources/DefaultTexture.uexp" 262
"../../../Engine/Content/EngineResources/DefaultVolumeTexture2D.uasset" 263
"../../../Engine/Content/EngineResources/DefaultVolumeTexture2D.uexp" 264
"../../../Engine/Content/EngineResources/DefaultVolumeTexture.uasset" 265
"../../../Engine/Content/EngineResources/DefaultVolumeTexture.uexp" 266
"../../../Engine/Content/EngineResources/Black.uasset" 267
"../../../Engine/Content/EngineResources/Black.uexp" 268
"../../../Engine/Content/EngineResources/FilmGrains/Marcie_Grain_v3_128_M2_000.uasset" 269
"../../../Engine/Content/EngineResources/FilmGrains/Marcie_Grain_v3_128_M2_000.uexp" 270
"../../../Engine/Content/EngineSky/VolumetricClouds/CloudWeatherTexture.uasset" 271
"../../../Engine/Content/EngineSky/VolumetricClouds/CloudWeatherTexture.uexp" 272
"../../../Engine/Content/Functions/Engine_MaterialFunctions02/Utility/MakeFloat2.uasset" 273
"../../../Engine/Content/Functions/Engine_MaterialFunctions02/Utility/MakeFloat2.uexp" 274
"../../../Engine/Content/EngineSky/VolumetricClouds/CloudGradientTexture.uasset" 275
"../../../Engine/Content/EngineSky/VolumetricClouds/CloudGradientTexture.uexp" 276
"../../../Engine/Content/EngineSky/VolumetricClouds/T_NoiseShape64.uasset" 277
"../../../Engine/Content/EngineSky/VolumetricClouds/T_NoiseShape64.ubulk" 278
"../../../Engine/Content/EngineSky/VolumetricClouds/T_NoiseShape64.uexp" 279
"../../../Engine/Content/EngineSky/VolumetricClouds/T_VolumeNoiseShape64.uasset" 280
"../../../Engine/Content/EngineSky/VolumetricClouds/T_VolumeNoiseShape64.uexp" 281
"../../../Engine/Content/EngineSky/VolumetricClouds/T_NoiseErosion.uasset" 282
"../../../Engine/Content/EngineSky/VolumetricClouds/T_NoiseErosion.ubulk" 283
"../../../Engine/Content/EngineSky/VolumetricClouds/T_NoiseErosion.uexp" 284
"../../../Engine/Content/EngineSky/VolumetricClouds/T_VolumeNoiseErosion32.uasset" 285
"../../../Engine/Content/EngineSky/VolumetricClouds/T_VolumeNoiseErosion32.uexp" 286
"../../../Engine/Content/EngineSky/VolumetricClouds/m_SimpleVolumetricCloud.uasset" 287
"../../../Engine/Content/EngineSky/VolumetricClouds/m_SimpleVolumetricCloud.uexp" 288
"../../../Engine/Content/EngineSky/VolumetricClouds/m_SimpleVolumetricCloud_Inst.uasset" 289
"../../../Engine/Content/EngineSky/VolumetricClouds/m_SimpleVolumetricCloud_Inst.uexp" 290
"../../../Engine/Content/EngineSounds/Master.uasset" 291
"../../../Engine/Content/EngineSounds/Master.uexp" 292
"../../../Engine/Content/Functions/Engine_MaterialFunctions01/Shading/PowerToRoughness.uasset" 293
"../../../Engine/Content/Functions/Engine_MaterialFunctions01/Shading/PowerToRoughness.uexp" 294
"../../../Engine/Content/Functions/Engine_MaterialFunctions01/Shading/ConvertFromDiffSpec.uasset" 295
"../../../Engine/Content/Functions/Engine_MaterialFunctions01/Shading/ConvertFromDiffSpec.uexp" 296
"../../../Engine/Content/Tutorial/ContentIntroCurve.uasset" 297
"../../../Engine/Content/Tutorial/ContentIntroCurve.uexp" 298
"../../../Engine/Content/VREditor/LaserPointer/VR_LaserPower_01.uasset" 299
"../../../Engine/Content/VREditor/LaserPointer/VR_LaserPower_01.ubulk" 300
"../../../Engine/Content/VREditor/LaserPointer/VR_LaserPower_01.uexp" 301
"../../../Engine/Content/VREditor/TransformGizmo/TransformGizmoMaterial.uasset" 302
"../../../Engine/Content/VREditor/TransformGizmo/TransformGizmoMaterial.uexp" 303
"../../../Engine/Content/VREditor/TransformGizmo/TranslucentTransformGizmoMaterial.uasset" 304
"../../../Engine/Content/VREditor/TransformGizmo/TranslucentTransformGizmoMaterial.uexp" 305
"../../../Engine/Content/VREditor/TransformGizmo/PlaneTranslationHandle.uasset" 306
"../../../Engine/Content/VREditor/TransformGizmo/PlaneTranslationHandle.uexp" 307
"../../../Engine/Content/VREditor/TransformGizmo/BoundingBoxEdge.uasset" 308
"../../../Engine/Content/VREditor/TransformGizmo/BoundingBoxEdge.uexp" 309
"../../../Engine/Content/VREditor/TransformGizmo/BoundingBoxCorner.uasset" 310
"../../../Engine/Content/VREditor/TransformGizmo/BoundingBoxCorner.uexp" 311
"../../../Engine/Content/VREditor/TransformGizmo/Main.uasset" 312
"../../../Engine/Content/VREditor/TransformGizmo/Main.uexp" 313
"../../../Engine/Content/VREditor/TransformGizmo/Xray.uasset" 314
"../../../Engine/Content/VREditor/TransformGizmo/Xray.uexp" 315
"../../../Engine/Content/VREditor/TransformGizmo/SM_Sequencer_Node.uasset" 316
"../../../Engine/Content/VREditor/TransformGizmo/SM_Sequencer_Node.uexp" 317
"../../../Engine/Plugins/2D/Paper2D/Content/PlaceholderTextures/DummySpriteTexture.uasset" 318
"../../../Engine/Plugins/2D/Paper2D/Content/PlaceholderTextures/DummySpriteTexture.ubulk" 319
"../../../Engine/Plugins/2D/Paper2D/Content/PlaceholderTextures/DummySpriteTexture.uexp" 320
"../../../Engine/Plugins/2D/Paper2D/Content/DefaultSpriteMaterial.uasset" 321
"../../../Engine/Plugins/2D/Paper2D/Content/DefaultSpriteMaterial.uexp" 322
"../../../Engine/Plugins/2D/Paper2D/Content/OpaqueUnlitSpriteMaterial.uasset" 323
"../../../Engine/Plugins/2D/Paper2D/Content/OpaqueUnlitSpriteMaterial.uexp" 324
"../../../Engine/Plugins/2D/Paper2D/Content/MaskedUnlitSpriteMaterial.uasset" 325
"../../../Engine/Plugins/2D/Paper2D/Content/MaskedUnlitSpriteMaterial.uexp" 326
"../../../Engine/Plugins/2D/Paper2D/Content/DummySprite.uasset" 327
"../../../Engine/Plugins/2D/Paper2D/Content/DummySprite.uexp" 328
"../../../Engine/Plugins/2D/Paper2D/Content/DefaultPaperTerrainMaterial.uasset" 329
"../../../Engine/Plugins/2D/Paper2D/Content/DefaultPaperTerrainMaterial.uexp" 330
"../../../Engine/Plugins/Animation/ControlRig/Content/M_Manip.uasset" 331
"../../../Engine/Plugins/Animation/ControlRig/Content/M_Manip.uexp" 332
"../../../Engine/Plugins/Animation/ControlRig/Content/Controls/ControlRig_Wedge_solid.uasset" 333
"../../../Engine/Plugins/Animation/ControlRig/Content/Controls/ControlRig_Wedge_solid.uexp" 334
"../../../Engine/Plugins/Animation/ControlRig/Content/Controls/ControlRig_Wedge_3mm.uasset" 335
"../../../Engine/Plugins/Animation/ControlRig/Content/Controls/ControlRig_Wedge_3mm.uexp" 336
"../../../Engine/Plugins/Animation/ControlRig/Content/Controls/ControlRig_Wedge_1mm.uasset" 337
"../../../Engine/Plugins/Animation/ControlRig/Content/Controls/ControlRig_Wedge_1mm.uexp" 338
"../../../Engine/Plugins/Animation/ControlRig/Content/Controls/ControlRig_Triangle_solid.uasset" 339
"../../../Engine/Plugins/Animation/ControlRig/Content/Controls/ControlRig_Triangle_solid.uexp" 340
"../../../Engine/Plugins/Animation/ControlRig/Content/Controls/ControlRig_Triangle_3mm.uasset" 341
"../../../Engine/Plugins/Animation/ControlRig/Content/Controls/ControlRig_Triangle_3mm.uexp" 342
"../../../Engine/Plugins/Animation/ControlRig/Content/Controls/ControlRig_Triangle_1mm.uasset" 343
"../../../Engine/Plugins/Animation/ControlRig/Content/Controls/ControlRig_Triangle_1mm.uexp" 344
"../../../Engine/Plugins/Animation/ControlRig/Content/Controls/ControlRig_Star4_solid.uasset" 345
"../../../Engine/Plugins/Animation/ControlRig/Content/Controls/ControlRig_Star4_solid.uexp" 346
"../../../Engine/Plugins/Animation/ControlRig/Content/Controls/ControlRig_Star4_3mm.uasset" 347
"../../../Engine/Plugins/Animation/ControlRig/Content/Controls/ControlRig_Star4_3mm.uexp" 348
"../../../Engine/Plugins/Animation/ControlRig/Content/Controls/ControlRig_Star4_1mm.uasset" 349
"../../../Engine/Plugins/Animation/ControlRig/Content/Controls/ControlRig_Star4_1mm.uexp" 350
"../../../Engine/Plugins/Animation/ControlRig/Content/Controls/ControlRig_Square_solid.uasset" 351
"../../../Engine/Plugins/Animation/ControlRig/Content/Controls/ControlRig_Square_solid.uexp" 352
"../../../Engine/Plugins/Animation/ControlRig/Content/Controls/ControlRig_Square_3mm.uasset" 353
"../../../Engine/Plugins/Animation/ControlRig/Content/Controls/ControlRig_Square_3mm.uexp" 354
"../../../Engine/Plugins/Animation/ControlRig/Content/Controls/ControlRig_Square_1mm.uasset" 355
"../../../Engine/Plugins/Animation/ControlRig/Content/Controls/ControlRig_Square_1mm.uexp" 356
"../../../Engine/Plugins/Animation/ControlRig/Content/Controls/ControlRig_Sphere_solid.uasset" 357
"../../../Engine/Plugins/Animation/ControlRig/Content/Controls/ControlRig_Sphere_solid.uexp" 358
"../../../Engine/Plugins/Animation/ControlRig/Content/Controls/ControlRig_Sphere_3mm.uasset" 359
"../../../Engine/Plugins/Animation/ControlRig/Content/Controls/ControlRig_Sphere_3mm.uexp" 360
"../../../Engine/Plugins/Animation/ControlRig/Content/Controls/ControlRig_Sphere_1mm.uasset" 361
"../../../Engine/Plugins/Animation/ControlRig/Content/Controls/ControlRig_Sphere_1mm.uexp" 362
"../../../Engine/Plugins/Animation/ControlRig/Content/Controls/ControlRig_RoundedTriangle_solid.uasset" 363
"../../../Engine/Plugins/Animation/ControlRig/Content/Controls/ControlRig_RoundedTriangle_solid.uexp" 364
"../../../Engine/Plugins/Animation/ControlRig/Content/Controls/ControlRig_RoundedTriangle_3mm.uasset" 365
"../../../Engine/Plugins/Animation/ControlRig/Content/Controls/ControlRig_RoundedTriangle_3mm.uexp" 366
"../../../Engine/Plugins/Animation/ControlRig/Content/Controls/ControlRig_RoundedTriangle_1mm.uasset" 367
"../../../Engine/Plugins/Animation/ControlRig/Content/Controls/ControlRig_RoundedTriangle_1mm.uexp" 368
"../../../Engine/Plugins/Animation/ControlRig/Content/Controls/ControlRig_RoundedSquare_solid.uasset" 369
"../../../Engine/Plugins/Animation/ControlRig/Content/Controls/ControlRig_RoundedSquare_solid.uexp" 370
"../../../Engine/Plugins/Animation/ControlRig/Content/Controls/ControlRig_RoundedSquare_3mm.uasset" 371
"../../../Engine/Plugins/Animation/ControlRig/Content/Controls/ControlRig_RoundedSquare_3mm.uexp" 372
"../../../Engine/Plugins/Animation/ControlRig/Content/Controls/ControlRig_RoundedSquare_1mm.uasset" 373
"../../../Engine/Plugins/Animation/ControlRig/Content/Controls/ControlRig_RoundedSquare_1mm.uexp" 374
"../../../Engine/Plugins/Animation/ControlRig/Content/Controls/ControlRig_QuarterCircle_solid.uasset" 375
"../../../Engine/Plugins/Animation/ControlRig/Content/Controls/ControlRig_QuarterCircle_solid.uexp" 376
"../../../Engine/Plugins/Animation/ControlRig/Content/Controls/ControlRig_QuarterCircle_3mm.uasset" 377
"../../../Engine/Plugins/Animation/ControlRig/Content/Controls/ControlRig_QuarterCircle_3mm.uexp" 378
"../../../Engine/Plugins/Animation/ControlRig/Content/Controls/ControlRig_QuarterCircle_1mm.uasset" 379
"../../../Engine/Plugins/Animation/ControlRig/Content/Controls/ControlRig_QuarterCircle_1mm.uexp" 380
"../../../Engine/Plugins/Animation/ControlRig/Content/Controls/ControlRig_Pyramid_solid.uasset" 381
"../../../Engine/Plugins/Animation/ControlRig/Content/Controls/ControlRig_Pyramid_solid.uexp" 382
"../../../Engine/Plugins/Animation/ControlRig/Content/Controls/ControlRig_Pyramid_3mm.uasset" 383
"../../../Engine/Plugins/Animation/ControlRig/Content/Controls/ControlRig_Pyramid_3mm.uexp" 384
"../../../Engine/Plugins/Animation/ControlRig/Content/Controls/ControlRig_Pyramid_1mm.uasset" 385
"../../../Engine/Plugins/Animation/ControlRig/Content/Controls/ControlRig_Pyramid_1mm.uexp" 386
"../../../Engine/Plugins/Animation/ControlRig/Content/Controls/ControlRig_Octagon_solid.uasset" 387
"../../../Engine/Plugins/Animation/ControlRig/Content/Controls/ControlRig_Octagon_solid.uexp" 388
"../../../Engine/Plugins/Animation/ControlRig/Content/Controls/ControlRig_Octagon_3mm.uasset" 389
"../../../Engine/Plugins/Animation/ControlRig/Content/Controls/ControlRig_Octagon_3mm.uexp" 390
"../../../Engine/Plugins/Animation/ControlRig/Content/Controls/ControlRig_Octagon_1mm.uasset" 391
"../../../Engine/Plugins/Animation/ControlRig/Content/Controls/ControlRig_Octagon_1mm.uexp" 392
"../../../Engine/Plugins/Animation/ControlRig/Content/Controls/ControlRig_Hexagon_solid.uasset" 393
"../../../Engine/Plugins/Animation/ControlRig/Content/Controls/ControlRig_Hexagon_solid.uexp" 394
"../../../Engine/Plugins/Animation/ControlRig/Content/Controls/ControlRig_Hexagon_3mm.uasset" 395
"../../../Engine/Plugins/Animation/ControlRig/Content/Controls/ControlRig_Hexagon_3mm.uexp" 396
"../../../Engine/Plugins/Animation/ControlRig/Content/Controls/ControlRig_Hexagon_1mm.uasset" 397
"../../../Engine/Plugins/Animation/ControlRig/Content/Controls/ControlRig_Hexagon_1mm.uexp" 398
"../../../Engine/Plugins/Animation/ControlRig/Content/Controls/ControlRig_HalfCircle_solid.uasset" 399
"../../../Engine/Plugins/Animation/ControlRig/Content/Controls/ControlRig_HalfCircle_solid.uexp" 400
"../../../Engine/Plugins/Animation/ControlRig/Content/Controls/ControlRig_HalfCircle_3mm.uasset" 401
"../../../Engine/Plugins/Animation/ControlRig/Content/Controls/ControlRig_HalfCircle_3mm.uexp" 402
"../../../Engine/Plugins/Animation/ControlRig/Content/Controls/ControlRig_HalfCircle_1mm.uasset" 403
"../../../Engine/Plugins/Animation/ControlRig/Content/Controls/ControlRig_HalfCircle_1mm.uexp" 404
"../../../Engine/Plugins/Animation/ControlRig/Content/Controls/ControlRig_Diamond_solid.uasset" 405
"../../../Engine/Plugins/Animation/ControlRig/Content/Controls/ControlRig_Diamond_solid.uexp" 406
"../../../Engine/Plugins/Animation/ControlRig/Content/Controls/ControlRig_Diamond_3mm.uasset" 407
"../../../Engine/Plugins/Animation/ControlRig/Content/Controls/ControlRig_Diamond_3mm.uexp" 408
"../../../Engine/Plugins/Animation/ControlRig/Content/Controls/ControlRig_Diamond_1mm.uasset" 409
"../../../Engine/Plugins/Animation/ControlRig/Content/Controls/ControlRig_Diamond_1mm.uexp" 410
"../../../Engine/Plugins/Animation/ControlRig/Content/Controls/ControlRig_Circle_solid.uasset" 411
"../../../Engine/Plugins/Animation/ControlRig/Content/Controls/ControlRig_Circle_solid.uexp" 412
"../../../Engine/Plugins/Animation/ControlRig/Content/Controls/ControlRig_Circle_3mm.uasset" 413
"../../../Engine/Plugins/Animation/ControlRig/Content/Controls/ControlRig_Circle_3mm.uexp" 414
"../../../Engine/Plugins/Animation/ControlRig/Content/Controls/ControlRig_Circle_1mm.uasset" 415
"../../../Engine/Plugins/Animation/ControlRig/Content/Controls/ControlRig_Circle_1mm.uexp" 416
"../../../Engine/Plugins/Animation/ControlRig/Content/Controls/ControlRig_Box_solid.uasset" 417
"../../../Engine/Plugins/Animation/ControlRig/Content/Controls/ControlRig_Box_solid.uexp" 418
"../../../Engine/Plugins/Animation/ControlRig/Content/Controls/ControlRig_Box_3mm.uasset" 419
"../../../Engine/Plugins/Animation/ControlRig/Content/Controls/ControlRig_Box_3mm.uexp" 420
"../../../Engine/Plugins/Animation/ControlRig/Content/Controls/ControlRig_Box_1mm.uasset" 421
"../../../Engine/Plugins/Animation/ControlRig/Content/Controls/ControlRig_Box_1mm.uexp" 422
"../../../Engine/Plugins/Animation/ControlRig/Content/Controls/ControlRig_Arrow_solid.uasset" 423
"../../../Engine/Plugins/Animation/ControlRig/Content/Controls/ControlRig_Arrow_solid.uexp" 424
"../../../Engine/Plugins/Animation/ControlRig/Content/Controls/ControlRig_Arrow_3mm.uasset" 425
"../../../Engine/Plugins/Animation/ControlRig/Content/Controls/ControlRig_Arrow_3mm.uexp" 426
"../../../Engine/Plugins/Animation/ControlRig/Content/Controls/ControlRig_Arrow_1mm.uasset" 427
"../../../Engine/Plugins/Animation/ControlRig/Content/Controls/ControlRig_Arrow_1mm.uexp" 428
"../../../Engine/Plugins/Animation/ControlRig/Content/Controls/ControlRig_Arrow4_solid.uasset" 429
"../../../Engine/Plugins/Animation/ControlRig/Content/Controls/ControlRig_Arrow4_solid.uexp" 430
"../../../Engine/Plugins/Animation/ControlRig/Content/Controls/ControlRig_Arrow4_3mm.uasset" 431
"../../../Engine/Plugins/Animation/ControlRig/Content/Controls/ControlRig_Arrow4_3mm.uexp" 432
"../../../Engine/Plugins/Animation/ControlRig/Content/Controls/ControlRig_Arrow4_1mm.uasset" 433
"../../../Engine/Plugins/Animation/ControlRig/Content/Controls/ControlRig_Arrow4_1mm.uexp" 434
"../../../Engine/Plugins/Animation/ControlRig/Content/Controls/ControlRig_Arrow2_solid.uasset" 435
"../../../Engine/Plugins/Animation/ControlRig/Content/Controls/ControlRig_Arrow2_solid.uexp" 436
"../../../Engine/Plugins/Animation/ControlRig/Content/Controls/ControlRig_Arrow2_3mm.uasset" 437
"../../../Engine/Plugins/Animation/ControlRig/Content/Controls/ControlRig_Arrow2_3mm.uexp" 438
"../../../Engine/Plugins/Animation/ControlRig/Content/Controls/ControlRig_Arrow2_1mm.uasset" 439
"../../../Engine/Plugins/Animation/ControlRig/Content/Controls/ControlRig_Arrow2_1mm.uexp" 440
"../../../Engine/Plugins/Animation/ControlRig/Content/Controls/ControlRigGizmoMaterial.uasset" 441
"../../../Engine/Plugins/Animation/ControlRig/Content/Controls/ControlRigGizmoMaterial.uexp" 442
"../../../Engine/Plugins/Animation/ControlRig/Content/Controls/DefaultGizmoLibraryNormalized.uasset" 443
"../../../Engine/Plugins/Animation/ControlRig/Content/Controls/DefaultGizmoLibraryNormalized.uexp" 444
"../../../Engine/Plugins/Editor/SpeedTreeImporter/Content/SpeedTree9/game_wind_noise.uasset" 445
"../../../Engine/Plugins/Editor/SpeedTreeImporter/Content/SpeedTree9/game_wind_noise.ubulk" 446
"../../../Engine/Plugins/Editor/SpeedTreeImporter/Content/SpeedTree9/game_wind_noise.uexp" 447
"../../../Engine/Plugins/Editor/SpeedTreeImporter/Content/SpeedTree9/UnpackDirection.uasset" 448
"../../../Engine/Plugins/Editor/SpeedTreeImporter/Content/SpeedTree9/UnpackDirection.uexp" 449
"../../../Engine/Content/Functions/Engine_MaterialFunctions02/ObjectLocalBounds.uasset" 450
"../../../Engine/Content/Functions/Engine_MaterialFunctions02/ObjectLocalBounds.uexp" 451
"../../../Engine/Content/Functions/Engine_MaterialFunctions02/UVs/BoundingBoxBased_0-1_UVW.uasset" 452
"../../../Engine/Content/Functions/Engine_MaterialFunctions02/UVs/BoundingBoxBased_0-1_UVW.uexp" 453
"../../../Engine/Content/Functions/Engine_MaterialFunctions02/Utility/VectorLength.uasset" 454
"../../../Engine/Content/Functions/Engine_MaterialFunctions02/Utility/VectorLength.uexp" 455
"../../../Engine/Plugins/Editor/SpeedTreeImporter/Content/SpeedTree9/UnpackInteger3.uasset" 456
"../../../Engine/Plugins/Editor/SpeedTreeImporter/Content/SpeedTree9/UnpackInteger3.uexp" 457
"../../../Engine/Plugins/Editor/SpeedTreeImporter/Content/SpeedTree9/SpeedTreeCameraFacing.uasset" 458
"../../../Engine/Plugins/Editor/SpeedTreeImporter/Content/SpeedTree9/SpeedTreeCameraFacing.uexp" 459
"../../../Engine/Content/Functions/Engine_MaterialFunctions02/WorldPositionOffset/ObjectScale.uasset" 460
"../../../Engine/Content/Functions/Engine_MaterialFunctions02/WorldPositionOffset/ObjectScale.uexp" 461
"../../../Engine/Content/Functions/Engine_MaterialFunctions02/SafeNormalize.uasset" 462
"../../../Engine/Content/Functions/Engine_MaterialFunctions02/SafeNormalize.uexp" 463
"../../../Engine/Plugins/Editor/SpeedTreeImporter/Content/SpeedTree9/SpeedTreeWindMotion.uasset" 464
"../../../Engine/Plugins/Editor/SpeedTreeImporter/Content/SpeedTree9/SpeedTreeWindMotion.uexp" 465
"../../../Engine/Plugins/Editor/SpeedTreeImporter/Content/SpeedTree9/SpeedTreeBranchMotion.uasset" 466
"../../../Engine/Plugins/Editor/SpeedTreeImporter/Content/SpeedTree9/SpeedTreeBranchMotion.uexp" 467
"../../../Engine/Plugins/Editor/SpeedTreeImporter/Content/SpeedTree9/SpeedTreeWind.uasset" 468
"../../../Engine/Plugins/Editor/SpeedTreeImporter/Content/SpeedTree9/SpeedTreeWind.uexp" 469
"../../../Engine/Plugins/Editor/SpeedTreeImporter/Content/SpeedTree9/EmptyNormal.uasset" 470
"../../../Engine/Plugins/Editor/SpeedTreeImporter/Content/SpeedTree9/EmptyNormal.uexp" 471
"../../../Engine/Plugins/Editor/SpeedTreeImporter/Content/SpeedTree9/Empty.uasset" 472
"../../../Engine/Plugins/Editor/SpeedTreeImporter/Content/SpeedTree9/Empty.uexp" 473
"../../../Engine/Plugins/Editor/SpeedTreeImporter/Content/SpeedTree9/SpeedTreeMaster.uasset" 474
"../../../Engine/Plugins/Editor/SpeedTreeImporter/Content/SpeedTree9/SpeedTreeMaster.uexp" 475
"../../../Engine/Plugins/Editor/SpeedTreeImporter/Content/SpeedTree9/SpeedTreeBillboard.uasset" 476
"../../../Engine/Plugins/Editor/SpeedTreeImporter/Content/SpeedTree9/SpeedTreeBillboard.uexp" 477
"../../../Engine/Plugins/Editor/SpeedTreeImporter/Content/SpeedTree9/SpeedTreeBillboardMaster.uasset" 478
"../../../Engine/Plugins/Editor/SpeedTreeImporter/Content/SpeedTree9/SpeedTreeBillboardMaster.uexp" 479
"../../../Engine/Plugins/Runtime/HairStrands/Content/Materials/HairCardsDefaultMaterial.uasset" 480
"../../../Engine/Plugins/Runtime/HairStrands/Content/Materials/HairCardsDefaultMaterial.uexp" 481
"../../../Engine/Plugins/Runtime/HairStrands/Content/Materials/HairGroupColors.uasset" 482
"../../../Engine/Plugins/Runtime/HairStrands/Content/Materials/HairGroupColors.uexp" 483
"../../../Engine/Content/EngineMaterials/HairColorMap.uasset" 484
"../../../Engine/Content/EngineMaterials/HairColorMap.uexp" 485
"../../../Engine/Content/EngineMaterials/HairDebugColor.uasset" 486
"../../../Engine/Content/EngineMaterials/HairDebugColor.uexp" 487
"../../../Engine/Plugins/Runtime/HairStrands/Content/Materials/HairDebugMaterial.uasset" 488
"../../../Engine/Plugins/Runtime/HairStrands/Content/Materials/HairDebugMaterial.uexp" 489
"../../../Engine/Plugins/Runtime/HairStrands/Content/Materials/HairMeshesDefaultMaterial.uasset" 490
"../../../Engine/Plugins/Runtime/HairStrands/Content/Materials/HairMeshesDefaultMaterial.uexp" 491
"../../../Engine/Plugins/Runtime/HairStrands/Content/Materials/HairDefaultMaterial.uasset" 492
"../../../Engine/Plugins/Runtime/HairStrands/Content/Materials/HairDefaultMaterial.uexp" 493
"/run/user/1000/kio-fuse-CtXecu/file/home/cx9ps3/Albanian-Accident/Content/Blueprints/BP_CybernosisGameModeBase.uasset" 494
"/run/user/1000/kio-fuse-CtXecu/file/home/cx9ps3/Albanian-Accident/Content/Blueprints/BP_CybernosisGameModeBase.uexp" 495
"/run/user/1000/kio-fuse-CtXecu/file/home/cx9ps3/Albanian-Accident/Content/images/test.uasset" 496
"/run/user/1000/kio-fuse-CtXecu/file/home/cx9ps3/Albanian-Accident/Content/images/test.ubulk" 497
"/run/user/1000/kio-fuse-CtXecu/file/home/cx9ps3/Albanian-Accident/Content/images/test.uexp" 498
"/run/user/1000/kio-fuse-CtXecu/file/home/cx9ps3/Albanian-Accident/Content/images/test_Mat.uasset" 499
"/run/user/1000/kio-fuse-CtXecu/file/home/cx9ps3/Albanian-Accident/Content/images/test_Mat.uexp" 500
"/run/user/1000/kio-fuse-CtXecu/file/home/cx9ps3/Albanian-Accident/Content/images/doc_2022-05-25_20-25-11.uasset" 501
"/run/user/1000/kio-fuse-CtXecu/file/home/cx9ps3/Albanian-Accident/Content/images/doc_2022-05-25_20-25-11.uexp" 502
"/run/user/1000/kio-fuse-CtXecu/file/home/cx9ps3/Albanian-Accident/Content/images/cover.uasset" 503
"/run/user/1000/kio-fuse-CtXecu/file/home/cx9ps3/Albanian-Accident/Content/images/cover.uexp" 504
"/run/user/1000/kio-fuse-CtXecu/file/home/cx9ps3/Albanian-Accident/Content/images/cover_Mat.uasset" 505
"/run/user/1000/kio-fuse-CtXecu/file/home/cx9ps3/Albanian-Accident/Content/images/cover_Mat.uexp" 506
"/run/user/1000/kio-fuse-CtXecu/file/home/cx9ps3/Albanian-Accident/Content/images/Screenshot_12.uasset" 507
"/run/user/1000/kio-fuse-CtXecu/file/home/cx9ps3/Albanian-Accident/Content/images/Screenshot_12.uexp" 508
"/run/user/1000/kio-fuse-CtXecu/file/home/cx9ps3/Albanian-Accident/Content/images/Screenshot_12_Mat.uasset" 509
"/run/user/1000/kio-fuse-CtXecu/file/home/cx9ps3/Albanian-Accident/Content/images/Screenshot_12_Mat.uexp" 510
"/run/user/1000/kio-fuse-CtXecu/file/home/cx9ps3/Albanian-Accident/Content/images/Player/PlayerOld.uasset" 511
"/run/user/1000/kio-fuse-CtXecu/file/home/cx9ps3/Albanian-Accident/Content/images/Player/PlayerOld.uexp" 512
"/run/user/1000/kio-fuse-CtXecu/file/home/cx9ps3/Albanian-Accident/Content/fonts/Retro_Gaming.uasset" 513
"/run/user/1000/kio-fuse-CtXecu/file/home/cx9ps3/Albanian-Accident/Content/fonts/Retro_Gaming.ufont" 514
"/run/user/1000/kio-fuse-CtXecu/file/home/cx9ps3/Albanian-Accident/Content/fonts/Retro_Gaming.uexp" 515
"/run/user/1000/kio-fuse-CtXecu/file/home/cx9ps3/Albanian-Accident/Content/fonts/Retro_Gaming_Font.uasset" 516
"/run/user/1000/kio-fuse-CtXecu/file/home/cx9ps3/Albanian-Accident/Content/fonts/Retro_Gaming_Font.uexp" 517
"/run/user/1000/kio-fuse-CtXecu/file/home/cx9ps3/Albanian-Accident/Content/images/HUD/Health.uasset" 518
"/run/user/1000/kio-fuse-CtXecu/file/home/cx9ps3/Albanian-Accident/Content/images/HUD/Health.uexp" 519
"/run/user/1000/kio-fuse-CtXecu/file/home/cx9ps3/Albanian-Accident/Content/images/HUD/Crosshair.uasset" 520
"/run/user/1000/kio-fuse-CtXecu/file/home/cx9ps3/Albanian-Accident/Content/images/HUD/Crosshair.uexp" 521
"/run/user/1000/kio-fuse-CtXecu/file/home/cx9ps3/Albanian-Accident/Content/HUD/PlayerHUD.uasset" 522
"/run/user/1000/kio-fuse-CtXecu/file/home/cx9ps3/Albanian-Accident/Content/HUD/PlayerHUD.uexp" 523
"/run/user/1000/kio-fuse-CtXecu/file/home/cx9ps3/Albanian-Accident/Content/images/HUD/joystick_back.uasset" 524
"/run/user/1000/kio-fuse-CtXecu/file/home/cx9ps3/Albanian-Accident/Content/images/HUD/joystick_back.ubulk" 525
"/run/user/1000/kio-fuse-CtXecu/file/home/cx9ps3/Albanian-Accident/Content/images/HUD/joystick_back.uexp" 526
"/run/user/1000/kio-fuse-CtXecu/file/home/cx9ps3/Albanian-Accident/Content/images/HUD/joystic.uasset" 527
"/run/user/1000/kio-fuse-CtXecu/file/home/cx9ps3/Albanian-Accident/Content/images/HUD/joystic.uexp" 528
"/run/user/1000/kio-fuse-CtXecu/file/home/cx9ps3/Albanian-Accident/Content/HUD/PhoneInput.uasset" 529
"/run/user/1000/kio-fuse-CtXecu/file/home/cx9ps3/Albanian-Accident/Content/HUD/PhoneInput.uexp" 530
"../../../Engine/Plugins/2D/Paper2D/Content/PlaceholderTextures/FlatNormalMap.uasset" 531
"../../../Engine/Plugins/2D/Paper2D/Content/PlaceholderTextures/FlatNormalMap.uexp" 532
"../../../Engine/Plugins/2D/Paper2D/Content/DefaultLitSpriteMaterial.uasset" 533
"../../../Engine/Plugins/2D/Paper2D/Content/DefaultLitSpriteMaterial.uexp" 534
"../../../Engine/Plugins/2D/Paper2D/Content/MaskedLitSpriteMaterial.uasset" 535
"../../../Engine/Plugins/2D/Paper2D/Content/MaskedLitSpriteMaterial.uexp" 536
"/run/user/1000/kio-fuse-CtXecu/file/home/cx9ps3/Albanian-Accident/Content/sprites/Player/Old/PlayerSecondGun/PlayerSecondGun9.uasset" 537
"/run/user/1000/kio-fuse-CtXecu/file/home/cx9ps3/Albanian-Accident/Content/sprites/Player/Old/PlayerSecondGun/PlayerSecondGun9.uexp" 538
"/run/user/1000/kio-fuse-CtXecu/file/home/cx9ps3/Albanian-Accident/Content/sprites/Player/Old/PlayerSecondGun/PlayerSecondGun8.uasset" 539
"/run/user/1000/kio-fuse-CtXecu/file/home/cx9ps3/Albanian-Accident/Content/sprites/Player/Old/PlayerSecondGun/PlayerSecondGun8.uexp" 540
"/run/user/1000/kio-fuse-CtXecu/file/home/cx9ps3/Albanian-Accident/Content/sprites/Player/Old/PlayerSecondGun/PlayerSecondGun7.uasset" 541
"/run/user/1000/kio-fuse-CtXecu/file/home/cx9ps3/Albanian-Accident/Content/sprites/Player/Old/PlayerSecondGun/PlayerSecondGun7.uexp" 542
"/run/user/1000/kio-fuse-CtXecu/file/home/cx9ps3/Albanian-Accident/Content/sprites/Player/Old/PlayerSecondGun/PlayerSecondGun6.uasset" 543
"/run/user/1000/kio-fuse-CtXecu/file/home/cx9ps3/Albanian-Accident/Content/sprites/Player/Old/PlayerSecondGun/PlayerSecondGun6.uexp" 544
"/run/user/1000/kio-fuse-CtXecu/file/home/cx9ps3/Albanian-Accident/Content/sprites/Player/Old/PlayerSecondGun/PlayerSecondGun5.uasset" 545
"/run/user/1000/kio-fuse-CtXecu/file/home/cx9ps3/Albanian-Accident/Content/sprites/Player/Old/PlayerSecondGun/PlayerSecondGun5.uexp" 546
"/run/user/1000/kio-fuse-CtXecu/file/home/cx9ps3/Albanian-Accident/Content/sprites/Player/Old/PlayerSecondGun/PlayerSecondGun4.uasset" 547
"/run/user/1000/kio-fuse-CtXecu/file/home/cx9ps3/Albanian-Accident/Content/sprites/Player/Old/PlayerSecondGun/PlayerSecondGun4.uexp" 548
"/run/user/1000/kio-fuse-CtXecu/file/home/cx9ps3/Albanian-Accident/Content/sprites/Player/Old/PlayerSecondGun/PlayerSecondGun3.uasset" 549
"/run/user/1000/kio-fuse-CtXecu/file/home/cx9ps3/Albanian-Accident/Content/sprites/Player/Old/PlayerSecondGun/PlayerSecondGun3.uexp" 550
"/run/user/1000/kio-fuse-CtXecu/file/home/cx9ps3/Albanian-Accident/Content/sprites/Player/Old/PlayerSecondGun/PlayerSecondGun2.uasset" 551
"/run/user/1000/kio-fuse-CtXecu/file/home/cx9ps3/Albanian-Accident/Content/sprites/Player/Old/PlayerSecondGun/PlayerSecondGun2.uexp" 552
"/run/user/1000/kio-fuse-CtXecu/file/home/cx9ps3/Albanian-Accident/Content/sprites/Player/Old/PlayerSecondGun/PlayerSecondGun1.uasset" 553
"/run/user/1000/kio-fuse-CtXecu/file/home/cx9ps3/Albanian-Accident/Content/sprites/Player/Old/PlayerSecondGun/PlayerSecondGun1.uexp" 554
"/run/user/1000/kio-fuse-CtXecu/file/home/cx9ps3/Albanian-Accident/Content/flipbooks/Player/Old/PlayerSecondGunAnimationOld.uasset" 555
"/run/user/1000/kio-fuse-CtXecu/file/home/cx9ps3/Albanian-Accident/Content/flipbooks/Player/Old/PlayerSecondGunAnimationOld.uexp" 556
"/run/user/1000/kio-fuse-CtXecu/file/home/cx9ps3/Albanian-Accident/Content/sprites/Player/Old/PlayerMeele/PlayerMelee9.uasset" 557
"/run/user/1000/kio-fuse-CtXecu/file/home/cx9ps3/Albanian-Accident/Content/sprites/Player/Old/PlayerMeele/PlayerMelee9.uexp" 558
"/run/user/1000/kio-fuse-CtXecu/file/home/cx9ps3/Albanian-Accident/Content/sprites/Player/Old/PlayerMeele/PlayerMelee8.uasset" 559
"/run/user/1000/kio-fuse-CtXecu/file/home/cx9ps3/Albanian-Accident/Content/sprites/Player/Old/PlayerMeele/PlayerMelee8.uexp" 560
"/run/user/1000/kio-fuse-CtXecu/file/home/cx9ps3/Albanian-Accident/Content/sprites/Player/Old/PlayerMeele/PlayerMelee7.uasset" 561
"/run/user/1000/kio-fuse-CtXecu/file/home/cx9ps3/Albanian-Accident/Content/sprites/Player/Old/PlayerMeele/PlayerMelee7.uexp" 562
"/run/user/1000/kio-fuse-CtXecu/file/home/cx9ps3/Albanian-Accident/Content/sprites/Player/Old/PlayerMeele/PlayerMelee6.uasset" 563
"/run/user/1000/kio-fuse-CtXecu/file/home/cx9ps3/Albanian-Accident/Content/sprites/Player/Old/PlayerMeele/PlayerMelee6.uexp" 564
"/run/user/1000/kio-fuse-CtXecu/file/home/cx9ps3/Albanian-Accident/Content/sprites/Player/Old/PlayerMeele/PlayerMelee5.uasset" 565
"/run/user/1000/kio-fuse-CtXecu/file/home/cx9ps3/Albanian-Accident/Content/sprites/Player/Old/PlayerMeele/PlayerMelee5.uexp" 566
"/run/user/1000/kio-fuse-CtXecu/file/home/cx9ps3/Albanian-Accident/Content/sprites/Player/Old/PlayerMeele/PlayerMelee4.uasset" 567
"/run/user/1000/kio-fuse-CtXecu/file/home/cx9ps3/Albanian-Accident/Content/sprites/Player/Old/PlayerMeele/PlayerMelee4.uexp" 568
"/run/user/1000/kio-fuse-CtXecu/file/home/cx9ps3/Albanian-Accident/Content/sprites/Player/Old/PlayerMeele/PlayerMelee3.uasset" 569
"/run/user/1000/kio-fuse-CtXecu/file/home/cx9ps3/Albanian-Accident/Content/sprites/Player/Old/PlayerMeele/PlayerMelee3.uexp" 570
"/run/user/1000/kio-fuse-CtXecu/file/home/cx9ps3/Albanian-Accident/Content/sprites/Player/Old/PlayerMeele/PlayerMelee2.uasset" 571
"/run/user/1000/kio-fuse-CtXecu/file/home/cx9ps3/Albanian-Accident/Content/sprites/Player/Old/PlayerMeele/PlayerMelee2.uexp" 572
"/run/user/1000/kio-fuse-CtXecu/file/home/cx9ps3/Albanian-Accident/Content/sprites/Player/Old/PlayerMeele/PlayerMelee1.uasset" 573
"/run/user/1000/kio-fuse-CtXecu/file/home/cx9ps3/Albanian-Accident/Content/sprites/Player/Old/PlayerMeele/PlayerMelee1.uexp" 574
"/run/user/1000/kio-fuse-CtXecu/file/home/cx9ps3/Albanian-Accident/Content/flipbooks/Player/Old/PlayerMeleeAnimationOld.uasset" 575
"/run/user/1000/kio-fuse-CtXecu/file/home/cx9ps3/Albanian-Accident/Content/flipbooks/Player/Old/PlayerMeleeAnimationOld.uexp" 576
"/run/user/1000/kio-fuse-CtXecu/file/home/cx9ps3/Albanian-Accident/Content/sprites/Player/Old/PlayerIdle/PlayerIdle.uasset" 577
"/run/user/1000/kio-fuse-CtXecu/file/home/cx9ps3/Albanian-Accident/Content/sprites/Player/Old/PlayerIdle/PlayerIdle.uexp" 578
"/run/user/1000/kio-fuse-CtXecu/file/home/cx9ps3/Albanian-Accident/Content/flipbooks/Player/Old/PlayerIdleAnimationOld.uasset" 579
"/run/user/1000/kio-fuse-CtXecu/file/home/cx9ps3/Albanian-Accident/Content/flipbooks/Player/Old/PlayerIdleAnimationOld.uexp" 580
"/run/user/1000/kio-fuse-CtXecu/file/home/cx9ps3/Albanian-Accident/Content/sprites/Player/Old/PlayerFirstGun/PlayerFirstGun9.uasset" 581
"/run/user/1000/kio-fuse-CtXecu/file/home/cx9ps3/Albanian-Accident/Content/sprites/Player/Old/PlayerFirstGun/PlayerFirstGun9.uexp" 582
"/run/user/1000/kio-fuse-CtXecu/file/home/cx9ps3/Albanian-Accident/Content/sprites/Player/Old/PlayerFirstGun/PlayerFirstGun8.uasset" 583
"/run/user/1000/kio-fuse-CtXecu/file/home/cx9ps3/Albanian-Accident/Content/sprites/Player/Old/PlayerFirstGun/PlayerFirstGun8.uexp" 584
"/run/user/1000/kio-fuse-CtXecu/file/home/cx9ps3/Albanian-Accident/Content/sprites/Player/Old/PlayerFirstGun/PlayerFirstGun7.uasset" 585
"/run/user/1000/kio-fuse-CtXecu/file/home/cx9ps3/Albanian-Accident/Content/sprites/Player/Old/PlayerFirstGun/PlayerFirstGun7.uexp" 586
"/run/user/1000/kio-fuse-CtXecu/file/home/cx9ps3/Albanian-Accident/Content/sprites/Player/Old/PlayerFirstGun/PlayerFirstGun6.uasset" 587
"/run/user/1000/kio-fuse-CtXecu/file/home/cx9ps3/Albanian-Accident/Content/sprites/Player/Old/PlayerFirstGun/PlayerFirstGun6.uexp" 588
"/run/user/1000/kio-fuse-CtXecu/file/home/cx9ps3/Albanian-Accident/Content/sprites/Player/Old/PlayerFirstGun/PlayerFirstGun5.uasset" 589
"/run/user/1000/kio-fuse-CtXecu/file/home/cx9ps3/Albanian-Accident/Content/sprites/Player/Old/PlayerFirstGun/PlayerFirstGun5.uexp" 590
"/run/user/1000/kio-fuse-CtXecu/file/home/cx9ps3/Albanian-Accident/Content/sprites/Player/Old/PlayerFirstGun/PlayerFirstGun4.uasset" 591
"/run/user/1000/kio-fuse-CtXecu/file/home/cx9ps3/Albanian-Accident/Content/sprites/Player/Old/PlayerFirstGun/PlayerFirstGun4.uexp" 592
"/run/user/1000/kio-fuse-CtXecu/file/home/cx9ps3/Albanian-Accident/Content/sprites/Player/Old/PlayerFirstGun/PlayerFirstGun3.uasset" 593
"/run/user/1000/kio-fuse-CtXecu/file/home/cx9ps3/Albanian-Accident/Content/sprites/Player/Old/PlayerFirstGun/PlayerFirstGun3.uexp" 594
"/run/user/1000/kio-fuse-CtXecu/file/home/cx9ps3/Albanian-Accident/Content/sprites/Player/Old/PlayerFirstGun/PlayerFirstGun2.uasset" 595
"/run/user/1000/kio-fuse-CtXecu/file/home/cx9ps3/Albanian-Accident/Content/sprites/Player/Old/PlayerFirstGun/PlayerFirstGun2.uexp" 596
"/run/user/1000/kio-fuse-CtXecu/file/home/cx9ps3/Albanian-Accident/Content/sprites/Player/Old/PlayerFirstGun/PlayerFirstGun10.uasset" 597
"/run/user/1000/kio-fuse-CtXecu/file/home/cx9ps3/Albanian-Accident/Content/sprites/Player/Old/PlayerFirstGun/PlayerFirstGun10.uexp" 598
"/run/user/1000/kio-fuse-CtXecu/file/home/cx9ps3/Albanian-Accident/Content/sprites/Player/Old/PlayerFirstGun/PlayerFirstGun1.uasset" 599
"/run/user/1000/kio-fuse-CtXecu/file/home/cx9ps3/Albanian-Accident/Content/sprites/Player/Old/PlayerFirstGun/PlayerFirstGun1.uexp" 600
"/run/user/1000/kio-fuse-CtXecu/file/home/cx9ps3/Albanian-Accident/Content/flipbooks/Player/Old/PlayerFirtsGunAnimationOld.uasset" 601
"/run/user/1000/kio-fuse-CtXecu/file/home/cx9ps3/Albanian-Accident/Content/flipbooks/Player/Old/PlayerFirtsGunAnimationOld.uexp" 602
"/run/user/1000/kio-fuse-CtXecu/file/home/cx9ps3/Albanian-Accident/Content/images/Player/Player1.uasset" 603
"/run/user/1000/kio-fuse-CtXecu/file/home/cx9ps3/Albanian-Accident/Content/images/Player/Player1.uexp" 604
"/run/user/1000/kio-fuse-CtXecu/file/home/cx9ps3/Albanian-Accident/Content/sprites/Player/PlayerDeath/PlayerDeath4.uasset" 605
"/run/user/1000/kio-fuse-CtXecu/file/home/cx9ps3/Albanian-Accident/Content/sprites/Player/PlayerDeath/PlayerDeath4.uexp" 606
"/run/user/1000/kio-fuse-CtXecu/file/home/cx9ps3/Albanian-Accident/Content/sprites/Player/PlayerDeath/PlayerDeath3.uasset" 607
"/run/user/1000/kio-fuse-CtXecu/file/home/cx9ps3/Albanian-Accident/Content/sprites/Player/PlayerDeath/PlayerDeath3.uexp" 608
"/run/user/1000/kio-fuse-CtXecu/file/home/cx9ps3/Albanian-Accident/Content/sprites/Player/PlayerDeath/PlayerDeath2.uasset" 609
"/run/user/1000/kio-fuse-CtXecu/file/home/cx9ps3/Albanian-Accident/Content/sprites/Player/PlayerDeath/PlayerDeath2.uexp" 610
"/run/user/1000/kio-fuse-CtXecu/file/home/cx9ps3/Albanian-Accident/Content/sprites/Player/PlayerDeath/PlayerDeath1.uasset" 611
"/run/user/1000/kio-fuse-CtXecu/file/home/cx9ps3/Albanian-Accident/Content/sprites/Player/PlayerDeath/PlayerDeath1.uexp" 612
"/run/user/1000/kio-fuse-CtXecu/file/home/cx9ps3/Albanian-Accident/Content/flipbooks/Player/Old/PlayerDeathAnimationOld.uasset" 613
"/run/user/1000/kio-fuse-CtXecu/file/home/cx9ps3/Albanian-Accident/Content/flipbooks/Player/Old/PlayerDeathAnimationOld.uexp" 614
"/run/user/1000/kio-fuse-CtXecu/file/home/cx9ps3/Albanian-Accident/Content/models/TrexTooth.uasset" 615
"/run/user/1000/kio-fuse-CtXecu/file/home/cx9ps3/Albanian-Accident/Content/models/TrexTooth.ubulk" 616
"/run/user/1000/kio-fuse-CtXecu/file/home/cx9ps3/Albanian-Accident/Content/models/TrexTooth.uexp" 617
"/run/user/1000/kio-fuse-CtXecu/file/home/cx9ps3/Albanian-Accident/Content/models/TrexSpec.uasset" 618
"/run/user/1000/kio-fuse-CtXecu/file/home/cx9ps3/Albanian-Accident/Content/models/TrexSpec.ubulk" 619
"/run/user/1000/kio-fuse-CtXecu/file/home/cx9ps3/Albanian-Accident/Content/models/TrexSpec.uexp" 620
"/run/user/1000/kio-fuse-CtXecu/file/home/cx9ps3/Albanian-Accident/Content/models/lambert1.uasset" 621
"/run/user/1000/kio-fuse-CtXecu/file/home/cx9ps3/Albanian-Accident/Content/models/lambert1.uexp" 622
"/run/user/1000/kio-fuse-CtXecu/file/home/cx9ps3/Albanian-Accident/Content/models/ClearEye.uasset" 623
"/run/user/1000/kio-fuse-CtXecu/file/home/cx9ps3/Albanian-Accident/Content/models/ClearEye.uexp" 624
"/run/user/1000/kio-fuse-CtXecu/file/home/cx9ps3/Albanian-Accident/Content/models/phong2.uasset" 625
"/run/user/1000/kio-fuse-CtXecu/file/home/cx9ps3/Albanian-Accident/Content/models/phong2.uexp" 626
"/run/user/1000/kio-fuse-CtXecu/file/home/cx9ps3/Albanian-Accident/Content/models/phong1.uasset" 627
"/run/user/1000/kio-fuse-CtXecu/file/home/cx9ps3/Albanian-Accident/Content/models/phong1.uexp" 628
"/run/user/1000/kio-fuse-CtXecu/file/home/cx9ps3/Albanian-Accident/Content/models/claws.uasset" 629
"/run/user/1000/kio-fuse-CtXecu/file/home/cx9ps3/Albanian-Accident/Content/models/claws.uexp" 630
"/run/user/1000/kio-fuse-CtXecu/file/home/cx9ps3/Albanian-Accident/Content/models/TrexModel_Skeleton.uasset" 631
"/run/user/1000/kio-fuse-CtXecu/file/home/cx9ps3/Albanian-Accident/Content/models/TrexModel_Skeleton.uexp" 632
"/run/user/1000/kio-fuse-CtXecu/file/home/cx9ps3/Albanian-Accident/Content/models/TrexModel_PhysicsAsset.uasset" 633
"/run/user/1000/kio-fuse-CtXecu/file/home/cx9ps3/Albanian-Accident/Content/models/TrexModel_PhysicsAsset.uexp" 634
"/run/user/1000/kio-fuse-CtXecu/file/home/cx9ps3/Albanian-Accident/Content/models/TrexModel.uasset" 635
"/run/user/1000/kio-fuse-CtXecu/file/home/cx9ps3/Albanian-Accident/Content/models/TrexModel.uexp" 636
"/run/user/1000/kio-fuse-CtXecu/file/home/cx9ps3/Albanian-Accident/Content/models/TrexEyeColor.uasset" 637
"/run/user/1000/kio-fuse-CtXecu/file/home/cx9ps3/Albanian-Accident/Content/models/TrexEyeColor.ubulk" 638
"/run/user/1000/kio-fuse-CtXecu/file/home/cx9ps3/Albanian-Accident/Content/models/TrexEyeColor.uexp" 639
"/run/user/1000/kio-fuse-CtXecu/file/home/cx9ps3/Albanian-Accident/Content/models/TrexEyeBump.uasset" 640
"/run/user/1000/kio-fuse-CtXecu/file/home/cx9ps3/Albanian-Accident/Content/models/TrexEyeBump.ubulk" 641
"/run/user/1000/kio-fuse-CtXecu/file/home/cx9ps3/Albanian-Accident/Content/models/TrexEyeBump.uexp" 642
"/run/user/1000/kio-fuse-CtXecu/file/home/cx9ps3/Albanian-Accident/Content/models/TrexColor01152015.uasset" 643
"/run/user/1000/kio-fuse-CtXecu/file/home/cx9ps3/Albanian-Accident/Content/models/TrexColor01152015.ubulk" 644
"/run/user/1000/kio-fuse-CtXecu/file/home/cx9ps3/Albanian-Accident/Content/models/TrexColor01152015.uexp" 645
"/run/user/1000/kio-fuse-CtXecu/file/home/cx9ps3/Albanian-Accident/Content/models/TrexColor01152015_Mat.uasset" 646
"/run/user/1000/kio-fuse-CtXecu/file/home/cx9ps3/Albanian-Accident/Content/models/TrexColor01152015_Mat.uexp" 647
"/run/user/1000/kio-fuse-CtXecu/file/home/cx9ps3/Albanian-Accident/Content/models/TrexBump012714.uasset" 648
"/run/user/1000/kio-fuse-CtXecu/file/home/cx9ps3/Albanian-Accident/Content/models/TrexBump012714.ubulk" 649
"/run/user/1000/kio-fuse-CtXecu/file/home/cx9ps3/Albanian-Accident/Content/models/TrexBump012714.uexp" 650
"/run/user/1000/kio-fuse-CtXecu/file/home/cx9ps3/Albanian-Accident/Content/materials/DefaultMaterial.uasset" 651
"/run/user/1000/kio-fuse-CtXecu/file/home/cx9ps3/Albanian-Accident/Content/materials/DefaultMaterial.uexp" 652
"/run/user/1000/kio-fuse-CtXecu/file/home/cx9ps3/Albanian-Accident/Content/Test_BuiltData.uasset" 653
"/run/user/1000/kio-fuse-CtXecu/file/home/cx9ps3/Albanian-Accident/Content/Test_BuiltData.ubulk" 654
"/run/user/1000/kio-fuse-CtXecu/file/home/cx9ps3/Albanian-Accident/Content/Test_BuiltData.uexp" 655
"/run/user/1000/kio-fuse-CtXecu/file/home/cx9ps3/Albanian-Accident/Content/images/Player/Player_Mat.uasset" 656
"/run/user/1000/kio-fuse-CtXecu/file/home/cx9ps3/Albanian-Accident/Content/images/Player/Player_Mat.uexp" 657
"/run/user/1000/kio-fuse-CtXecu/file/home/cx9ps3/Albanian-Accident/Content/images/Player/Player2.uasset" 658
"/run/user/1000/kio-fuse-CtXecu/file/home/cx9ps3/Albanian-Accident/Content/images/Player/Player2.uexp" 659
"/run/user/1000/kio-fuse-CtXecu/file/home/cx9ps3/Albanian-Accident/Content/images/projectile/projectile.uasset" 660
"/run/user/1000/kio-fuse-CtXecu/file/home/cx9ps3/Albanian-Accident/Content/images/projectile/projectile.uexp" 661
"/run/user/1000/kio-fuse-CtXecu/file/home/cx9ps3/Albanian-Accident/Content/sprites/Projectile/Projectile.uasset" 662
"/run/user/1000/kio-fuse-CtXecu/file/home/cx9ps3/Albanian-Accident/Content/sprites/Projectile/Projectile.uexp" 663
"/run/user/1000/kio-fuse-CtXecu/file/home/cx9ps3/Albanian-Accident/Content/sprites/Player/Old/PlayerDeath/PlayerDeath1.uasset" 664
"/run/user/1000/kio-fuse-CtXecu/file/home/cx9ps3/Albanian-Accident/Content/sprites/Player/Old/PlayerDeath/PlayerDeath1.uexp" 665
"/run/user/1000/kio-fuse-CtXecu/file/home/cx9ps3/Albanian-Accident/Content/sprites/Player/Old/PlayerDeath/PlayerDeath2.uasset" 666
"/run/user/1000/kio-fuse-CtXecu/file/home/cx9ps3/Albanian-Accident/Content/sprites/Player/Old/PlayerDeath/PlayerDeath2.uexp" 667
"/run/user/1000/kio-fuse-CtXecu/file/home/cx9ps3/Albanian-Accident/Content/sprites/Player/Old/PlayerDeath/PlayerDeath3.uasset" 668
"/run/user/1000/kio-fuse-CtXecu/file/home/cx9ps3/Albanian-Accident/Content/sprites/Player/Old/PlayerDeath/PlayerDeath3.uexp" 669
"/run/user/1000/kio-fuse-CtXecu/file/home/cx9ps3/Albanian-Accident/Content/sprites/Player/Old/PlayerDeath/PlayerDeath4.uasset" 670
"/run/user/1000/kio-fuse-CtXecu/file/home/cx9ps3/Albanian-Accident/Content/sprites/Player/Old/PlayerDeath/PlayerDeath4.uexp" 671
"/run/user/1000/kio-fuse-CtXecu/file/home/cx9ps3/Albanian-Accident/Content/sprites/Player/Old/PlayerDeath/PlayerDeath5.uasset" 672
"/run/user/1000/kio-fuse-CtXecu/file/home/cx9ps3/Albanian-Accident/Content/sprites/Player/Old/PlayerDeath/PlayerDeath5.uexp" 673
"/run/user/1000/kio-fuse-CtXecu/file/home/cx9ps3/Albanian-Accident/Content/sprites/Player/Old/PlayerDeath/PlayerDeath6.uasset" 674
"/run/user/1000/kio-fuse-CtXecu/file/home/cx9ps3/Albanian-Accident/Content/sprites/Player/Old/PlayerDeath/PlayerDeath6.uexp" 675
"../../../Engine/Content/Maps/Entry_BuiltData.uasset" 676
"../../../Engine/Content/Maps/Entry_BuiltData.uexp" 677
"../../../Engine/Content/Maps/Entry.umap" 678
"../../../Engine/Content/Maps/Entry.uexp" 679
"/run/user/1000/kio-fuse-CtXecu/file/home/cx9ps3/Albanian-Accident/Content/Blueprints/AI/BP_AIPoint.uasset" 680
"/run/user/1000/kio-fuse-CtXecu/file/home/cx9ps3/Albanian-Accident/Content/Blueprints/AI/BP_AIPoint.uexp" 681
"/run/user/1000/kio-fuse-CtXecu/file/home/cx9ps3/Albanian-Accident/Content/audio/shoot1.uasset" 682
"/run/user/1000/kio-fuse-CtXecu/file/home/cx9ps3/Albanian-Accident/Content/audio/shoot1.ubulk" 683
"/run/user/1000/kio-fuse-CtXecu/file/home/cx9ps3/Albanian-Accident/Content/audio/shoot1.uexp" 684
"../../../Engine/Content/EngineSky/T_Sky_Stars.uasset" 685
"../../../Engine/Content/EngineSky/T_Sky_Stars.ubulk" 686
"../../../Engine/Content/EngineSky/T_Sky_Stars.uexp" 687
"../../../Engine/Content/EngineSky/T_Sky_Clouds_M.uasset" 688
"../../../Engine/Content/EngineSky/T_Sky_Clouds_M.ubulk" 689
"../../../Engine/Content/EngineSky/T_Sky_Clouds_M.uexp" 690
"../../../Engine/Content/EngineSky/T_Sky_Blue.uasset" 691
"../../../Engine/Content/EngineSky/T_Sky_Blue.ubulk" 692
"../../../Engine/Content/EngineSky/T_Sky_Blue.uexp" 693
"../../../Engine/Content/EngineSky/M_Sky_Panning_Clouds2.uasset" 694
"../../../Engine/Content/EngineSky/M_Sky_Panning_Clouds2.uexp" 695
"../../../Engine/Content/EngineSky/SM_SkySphere.uasset" 696
"../../../Engine/Content/EngineSky/SM_SkySphere.uexp" 697
"../../../Engine/Content/BasicShapes/Cube.uasset" 698
"../../../Engine/Content/BasicShapes/Cube.uexp" 699
"/run/user/1000/kio-fuse-CtXecu/file/home/cx9ps3/Albanian-Accident/Content/images/photo_2022-05-25_19-11-45.uasset" 700
"/run/user/1000/kio-fuse-CtXecu/file/home/cx9ps3/Albanian-Accident/Content/images/photo_2022-05-25_19-11-45.uexp" 701
"/run/user/1000/kio-fuse-CtXecu/file/home/cx9ps3/Albanian-Accident/Content/images/photo_2022-05-25_19-11-45_Mat.uasset" 702
"/run/user/1000/kio-fuse-CtXecu/file/home/cx9ps3/Albanian-Accident/Content/images/photo_2022-05-25_19-11-45_Mat.uexp" 703
"../../../Engine/Content/MapTemplates/SM_Template_Map_Floor.uasset" 704
"../../../Engine/Content/MapTemplates/SM_Template_Map_Floor.uexp" 705
"/run/user/1000/kio-fuse-CtXecu/file/home/cx9ps3/Albanian-Accident/Content/images/test3.uasset" 706
"/run/user/1000/kio-fuse-CtXecu/file/home/cx9ps3/Albanian-Accident/Content/images/test3.ubulk" 707
"/run/user/1000/kio-fuse-CtXecu/file/home/cx9ps3/Albanian-Accident/Content/images/test3.uexp" 708
"/run/user/1000/kio-fuse-CtXecu/file/home/cx9ps3/Albanian-Accident/Content/images/test3_Mat.uasset" 709
"/run/user/1000/kio-fuse-CtXecu/file/home/cx9ps3/Albanian-Accident/Content/images/test3_Mat.uexp" 710
"../../../Engine/Content/BasicShapes/Sphere.uasset" 711
"../../../Engine/Content/BasicShapes/Sphere.uexp" 712
"/run/user/1000/kio-fuse-CtXecu/file/home/cx9ps3/Albanian-Accident/Content/audio/shoot2.uasset" 713
"/run/user/1000/kio-fuse-CtXecu/file/home/cx9ps3/Albanian-Accident/Content/audio/shoot2.ubulk" 714
"/run/user/1000/kio-fuse-CtXecu/file/home/cx9ps3/Albanian-Accident/Content/audio/shoot2.uexp" 715
"../../../Engine/Content/EngineSky/M_SimpleSkyDome.uasset" 716
"../../../Engine/Content/EngineSky/M_SimpleSkyDome.uexp" 717
"/run/user/1000/kio-fuse-CtXecu/file/home/cx9ps3/Albanian-Accident/Content/Blueprints/AI/BB_PatrolNPC.uasset" 718
"/run/user/1000/kio-fuse-CtXecu/file/home/cx9ps3/Albanian-Accident/Content/Blueprints/AI/BB_PatrolNPC.uexp" 719
"/run/user/1000/kio-fuse-CtXecu/file/home/cx9ps3/Albanian-Accident/Content/Blueprints/AI/BT_PatrolNPC.uasset" 720
"/run/user/1000/kio-fuse-CtXecu/file/home/cx9ps3/Albanian-Accident/Content/Blueprints/AI/BT_PatrolNPC.uexp" 721
"/run/user/1000/kio-fuse-CtXecu/file/home/cx9ps3/Albanian-Accident/Content/Blueprints/AI/BP_PatrolAIController.uasset" 722
"/run/user/1000/kio-fuse-CtXecu/file/home/cx9ps3/Albanian-Accident/Content/Blueprints/AI/BP_PatrolAIController.uexp" 723
"/run/user/1000/kio-fuse-CtXecu/file/home/cx9ps3/Albanian-Accident/Content/images/Enemies/EnemyWithPistol/EnemyWithPistolDeath.uasset" 724
"/run/user/1000/kio-fuse-CtXecu/file/home/cx9ps3/Albanian-Accident/Content/images/Enemies/EnemyWithPistol/EnemyWithPistolDeath.uexp" 725
"/run/user/1000/kio-fuse-CtXecu/file/home/cx9ps3/Albanian-Accident/Content/sprites/Enemies/EnemyWIthPistol/EnemyDeath/EnemyWithPistolDeath3.uasset" 726
"/run/user/1000/kio-fuse-CtXecu/file/home/cx9ps3/Albanian-Accident/Content/sprites/Enemies/EnemyWIthPistol/EnemyDeath/EnemyWithPistolDeath3.uexp" 727
"/run/user/1000/kio-fuse-CtXecu/file/home/cx9ps3/Albanian-Accident/Content/sprites/Enemies/EnemyWIthPistol/EnemyDeath/EnemyWithPistolDeath2.uasset" 728
"/run/user/1000/kio-fuse-CtXecu/file/home/cx9ps3/Albanian-Accident/Content/sprites/Enemies/EnemyWIthPistol/EnemyDeath/EnemyWithPistolDeath2.uexp" 729
"/run/user/1000/kio-fuse-CtXecu/file/home/cx9ps3/Albanian-Accident/Content/sprites/Enemies/EnemyWIthPistol/EnemyDeath/EnemyWithPistolDeath1.uasset" 730
"/run/user/1000/kio-fuse-CtXecu/file/home/cx9ps3/Albanian-Accident/Content/sprites/Enemies/EnemyWIthPistol/EnemyDeath/EnemyWithPistolDeath1.uexp" 731
"/run/user/1000/kio-fuse-CtXecu/file/home/cx9ps3/Albanian-Accident/Content/sprites/Enemies/EnemyWIthPistol/EnemyDeath/EnemyWithPistolDeath0.uasset" 732
"/run/user/1000/kio-fuse-CtXecu/file/home/cx9ps3/Albanian-Accident/Content/sprites/Enemies/EnemyWIthPistol/EnemyDeath/EnemyWithPistolDeath0.uexp" 733
"/run/user/1000/kio-fuse-CtXecu/file/home/cx9ps3/Albanian-Accident/Content/flipbooks/EnemyWithPistol/EnemyWithPistolDeath.uasset" 734
"/run/user/1000/kio-fuse-CtXecu/file/home/cx9ps3/Albanian-Accident/Content/flipbooks/EnemyWithPistol/EnemyWithPistolDeath.uexp" 735
"/run/user/1000/kio-fuse-CtXecu/file/home/cx9ps3/Albanian-Accident/Content/images/Enemies/EnemyWithPistol/EnemyPistolWalk.uasset" 736
"/run/user/1000/kio-fuse-CtXecu/file/home/cx9ps3/Albanian-Accident/Content/images/Enemies/EnemyWithPistol/EnemyPistolWalk.uexp" 737
"/run/user/1000/kio-fuse-CtXecu/file/home/cx9ps3/Albanian-Accident/Content/sprites/Enemies/EnemyWIthPistol/EnemyIdle/EnemyPistoldle.uasset" 738
"/run/user/1000/kio-fuse-CtXecu/file/home/cx9ps3/Albanian-Accident/Content/sprites/Enemies/EnemyWIthPistol/EnemyIdle/EnemyPistoldle.uexp" 739
"/run/user/1000/kio-fuse-CtXecu/file/home/cx9ps3/Albanian-Accident/Content/flipbooks/EnemyWithPistol/EnemyPistoldle1.uasset" 740
"/run/user/1000/kio-fuse-CtXecu/file/home/cx9ps3/Albanian-Accident/Content/flipbooks/EnemyWithPistol/EnemyPistoldle1.uexp" 741
"/run/user/1000/kio-fuse-CtXecu/file/home/cx9ps3/Albanian-Accident/Content/images/Enemies/EnemyWithPistol/EnemyPistolWalkWithGun.uasset" 742
"/run/user/1000/kio-fuse-CtXecu/file/home/cx9ps3/Albanian-Accident/Content/images/Enemies/EnemyWithPistol/EnemyPistolWalkWithGun.uexp" 743
"/run/user/1000/kio-fuse-CtXecu/file/home/cx9ps3/Albanian-Accident/Content/sprites/Enemies/EnemyWIthPistol/EnemyWalk/EnemyPistolWalkWithGun4.uasset" 744
"/run/user/1000/kio-fuse-CtXecu/file/home/cx9ps3/Albanian-Accident/Content/sprites/Enemies/EnemyWIthPistol/EnemyWalk/EnemyPistolWalkWithGun4.uexp" 745
"/run/user/1000/kio-fuse-CtXecu/file/home/cx9ps3/Albanian-Accident/Content/sprites/Enemies/EnemyWIthPistol/EnemyWalk/EnemyPistolWalkWithGun3.uasset" 746
"/run/user/1000/kio-fuse-CtXecu/file/home/cx9ps3/Albanian-Accident/Content/sprites/Enemies/EnemyWIthPistol/EnemyWalk/EnemyPistolWalkWithGun3.uexp" 747
"/run/user/1000/kio-fuse-CtXecu/file/home/cx9ps3/Albanian-Accident/Content/sprites/Enemies/EnemyWIthPistol/EnemyWalk/EnemyPistolWalkWithGun2.uasset" 748
"/run/user/1000/kio-fuse-CtXecu/file/home/cx9ps3/Albanian-Accident/Content/sprites/Enemies/EnemyWIthPistol/EnemyWalk/EnemyPistolWalkWithGun2.uexp" 749
"/run/user/1000/kio-fuse-CtXecu/file/home/cx9ps3/Albanian-Accident/Content/sprites/Enemies/EnemyWIthPistol/EnemyWalk/EnemyPistolWalkWithGun1.uasset" 750
"/run/user/1000/kio-fuse-CtXecu/file/home/cx9ps3/Albanian-Accident/Content/sprites/Enemies/EnemyWIthPistol/EnemyWalk/EnemyPistolWalkWithGun1.uexp" 751
"/run/user/1000/kio-fuse-CtXecu/file/home/cx9ps3/Albanian-Accident/Content/flipbooks/EnemyWithPistol/EnemyPistolWalkWithGun.uasset" 752
"/run/user/1000/kio-fuse-CtXecu/file/home/cx9ps3/Albanian-Accident/Content/flipbooks/EnemyWithPistol/EnemyPistolWalkWithGun.uexp" 753
"/run/user/1000/kio-fuse-CtXecu/file/home/cx9ps3/Albanian-Accident/Content/Blueprints/AI/BP_PatrolEnemyWithPistol.uasset" 754
"/run/user/1000/kio-fuse-CtXecu/file/home/cx9ps3/Albanian-Accident/Content/Blueprints/AI/BP_PatrolEnemyWithPistol.uexp" 755
"/run/user/1000/kio-fuse-CtXecu/file/home/cx9ps3/Albanian-Accident/Content/images/Player/PlayerWalk.uasset" 756
"/run/user/1000/kio-fuse-CtXecu/file/home/cx9ps3/Albanian-Accident/Content/images/Player/PlayerWalk.uexp" 757
"../../../Engine/Plugins/2D/Paper2D/Content/TranslucentUnlitSpriteMaterial.uasset" 758
"../../../Engine/Plugins/2D/Paper2D/Content/TranslucentUnlitSpriteMaterial.uexp" 759
"/run/user/1000/kio-fuse-CtXecu/file/home/cx9ps3/Albanian-Accident/Content/sprites/Player/PlayerWalk/PlayerWalk4.uasset" 760
"/run/user/1000/kio-fuse-CtXecu/file/home/cx9ps3/Albanian-Accident/Content/sprites/Player/PlayerWalk/PlayerWalk4.uexp" 761
"/run/user/1000/kio-fuse-CtXecu/file/home/cx9ps3/Albanian-Accident/Content/sprites/Player/PlayerWalk/PlayerWalk3.uasset" 762
"/run/user/1000/kio-fuse-CtXecu/file/home/cx9ps3/Albanian-Accident/Content/sprites/Player/PlayerWalk/PlayerWalk3.uexp" 763
"/run/user/1000/kio-fuse-CtXecu/file/home/cx9ps3/Albanian-Accident/Content/sprites/Player/PlayerWalk/PlayerWalk2.uasset" 764
"/run/user/1000/kio-fuse-CtXecu/file/home/cx9ps3/Albanian-Accident/Content/sprites/Player/PlayerWalk/PlayerWalk2.uexp" 765
"/run/user/1000/kio-fuse-CtXecu/file/home/cx9ps3/Albanian-Accident/Content/sprites/Player/PlayerWalk/PlayerWalk1.uasset" 766
"/run/user/1000/kio-fuse-CtXecu/file/home/cx9ps3/Albanian-Accident/Content/sprites/Player/PlayerWalk/PlayerWalk1.uexp" 767
"/run/user/1000/kio-fuse-CtXecu/file/home/cx9ps3/Albanian-Accident/Content/flipbooks/Player/PlayerWalk.uasset" 768
"/run/user/1000/kio-fuse-CtXecu/file/home/cx9ps3/Albanian-Accident/Content/flipbooks/Player/PlayerWalk.uexp" 769
"/run/user/1000/kio-fuse-CtXecu/file/home/cx9ps3/Albanian-Accident/Content/sprites/Player/PlayerSecondGun/PlayerSecondGun4.uasset" 770
"/run/user/1000/kio-fuse-CtXecu/file/home/cx9ps3/Albanian-Accident/Content/sprites/Player/PlayerSecondGun/PlayerSecondGun4.uexp" 771
"/run/user/1000/kio-fuse-CtXecu/file/home/cx9ps3/Albanian-Accident/Content/sprites/Player/PlayerSecondGun/PlayerSecondGun3.uasset" 772
"/run/user/1000/kio-fuse-CtXecu/file/home/cx9ps3/Albanian-Accident/Content/sprites/Player/PlayerSecondGun/PlayerSecondGun3.uexp" 773
"/run/user/1000/kio-fuse-CtXecu/file/home/cx9ps3/Albanian-Accident/Content/sprites/Player/PlayerSecondGun/PlayerSecondGun2.uasset" 774
"/run/user/1000/kio-fuse-CtXecu/file/home/cx9ps3/Albanian-Accident/Content/sprites/Player/PlayerSecondGun/PlayerSecondGun2.uexp" 775
"/run/user/1000/kio-fuse-CtXecu/file/home/cx9ps3/Albanian-Accident/Content/sprites/Player/PlayerSecondGun/PlayerSecondGun1.uasset" 776
"/run/user/1000/kio-fuse-CtXecu/file/home/cx9ps3/Albanian-Accident/Content/sprites/Player/PlayerSecondGun/PlayerSecondGun1.uexp" 777
"/run/user/1000/kio-fuse-CtXecu/file/home/cx9ps3/Albanian-Accident/Content/flipbooks/Player/PlayerSecondGun.uasset" 778
"/run/user/1000/kio-fuse-CtXecu/file/home/cx9ps3/Albanian-Accident/Content/flipbooks/Player/PlayerSecondGun.uexp" 779
"/run/user/1000/kio-fuse-CtXecu/file/home/cx9ps3/Albanian-Accident/Content/sprites/Player/PlayerMelee/PlayerMelee4.uasset" 780
"/run/user/1000/kio-fuse-CtXecu/file/home/cx9ps3/Albanian-Accident/Content/sprites/Player/PlayerMelee/PlayerMelee4.uexp" 781
"/run/user/1000/kio-fuse-CtXecu/file/home/cx9ps3/Albanian-Accident/Content/sprites/Player/PlayerMelee/PlayerMelee3.uasset" 782
"/run/user/1000/kio-fuse-CtXecu/file/home/cx9ps3/Albanian-Accident/Content/sprites/Player/PlayerMelee/PlayerMelee3.uexp" 783
"/run/user/1000/kio-fuse-CtXecu/file/home/cx9ps3/Albanian-Accident/Content/sprites/Player/PlayerMelee/PlayerMelee2.uasset" 784
"/run/user/1000/kio-fuse-CtXecu/file/home/cx9ps3/Albanian-Accident/Content/sprites/Player/PlayerMelee/PlayerMelee2.uexp" 785
"/run/user/1000/kio-fuse-CtXecu/file/home/cx9ps3/Albanian-Accident/Content/sprites/Player/PlayerMelee/PlayerMelee1.uasset" 786
"/run/user/1000/kio-fuse-CtXecu/file/home/cx9ps3/Albanian-Accident/Content/sprites/Player/PlayerMelee/PlayerMelee1.uexp" 787
"/run/user/1000/kio-fuse-CtXecu/file/home/cx9ps3/Albanian-Accident/Content/sprites/Player/PlayerMelee/PlayerMelee0.uasset" 788
"/run/user/1000/kio-fuse-CtXecu/file/home/cx9ps3/Albanian-Accident/Content/sprites/Player/PlayerMelee/PlayerMelee0.uexp" 789
"/run/user/1000/kio-fuse-CtXecu/file/home/cx9ps3/Albanian-Accident/Content/flipbooks/Player/PlayerMelee.uasset" 790
"/run/user/1000/kio-fuse-CtXecu/file/home/cx9ps3/Albanian-Accident/Content/flipbooks/Player/PlayerMelee.uexp" 791
"/run/user/1000/kio-fuse-CtXecu/file/home/cx9ps3/Albanian-Accident/Content/flipbooks/Player/PlayerLegsIdle.uasset" 792
"/run/user/1000/kio-fuse-CtXecu/file/home/cx9ps3/Albanian-Accident/Content/flipbooks/Player/PlayerLegsIdle.uexp" 793
"/run/user/1000/kio-fuse-CtXecu/file/home/cx9ps3/Albanian-Accident/Content/images/Player/PlayerLegs.uasset" 794
"/run/user/1000/kio-fuse-CtXecu/file/home/cx9ps3/Albanian-Accident/Content/images/Player/PlayerLegs.uexp" 795
"/run/user/1000/kio-fuse-CtXecu/file/home/cx9ps3/Albanian-Accident/Content/sprites/Player/PlayerLegs/PlayerLegs4.uasset" 796
"/run/user/1000/kio-fuse-CtXecu/file/home/cx9ps3/Albanian-Accident/Content/sprites/Player/PlayerLegs/PlayerLegs4.uexp" 797
"/run/user/1000/kio-fuse-CtXecu/file/home/cx9ps3/Albanian-Accident/Content/sprites/Player/PlayerLegs/PlayerLegs3.uasset" 798
"/run/user/1000/kio-fuse-CtXecu/file/home/cx9ps3/Albanian-Accident/Content/sprites/Player/PlayerLegs/PlayerLegs3.uexp" 799
"/run/user/1000/kio-fuse-CtXecu/file/home/cx9ps3/Albanian-Accident/Content/sprites/Player/PlayerLegs/PlayerLegs2.uasset" 800
"/run/user/1000/kio-fuse-CtXecu/file/home/cx9ps3/Albanian-Accident/Content/sprites/Player/PlayerLegs/PlayerLegs2.uexp" 801
"/run/user/1000/kio-fuse-CtXecu/file/home/cx9ps3/Albanian-Accident/Content/sprites/Player/PlayerLegs/PlayerLegs1.uasset" 802
"/run/user/1000/kio-fuse-CtXecu/file/home/cx9ps3/Albanian-Accident/Content/sprites/Player/PlayerLegs/PlayerLegs1.uexp" 803
"/run/user/1000/kio-fuse-CtXecu/file/home/cx9ps3/Albanian-Accident/Content/flipbooks/Player/PlayerLegs.uasset" 804
"/run/user/1000/kio-fuse-CtXecu/file/home/cx9ps3/Albanian-Accident/Content/flipbooks/Player/PlayerLegs.uexp" 805
"/run/user/1000/kio-fuse-CtXecu/file/home/cx9ps3/Albanian-Accident/Content/sprites/Player/PlayerIdle/PlayerIdle.uasset" 806
"/run/user/1000/kio-fuse-CtXecu/file/home/cx9ps3/Albanian-Accident/Content/sprites/Player/PlayerIdle/PlayerIdle.uexp" 807
"/run/user/1000/kio-fuse-CtXecu/file/home/cx9ps3/Albanian-Accident/Content/flipbooks/Player/PlayerIdle_Flipbook.uasset" 808
"/run/user/1000/kio-fuse-CtXecu/file/home/cx9ps3/Albanian-Accident/Content/flipbooks/Player/PlayerIdle_Flipbook.uexp" 809
"/run/user/1000/kio-fuse-CtXecu/file/home/cx9ps3/Albanian-Accident/Content/sprites/Player/PlayerFirstGun/PlayerFirstGun4.uasset" 810
"/run/user/1000/kio-fuse-CtXecu/file/home/cx9ps3/Albanian-Accident/Content/sprites/Player/PlayerFirstGun/PlayerFirstGun4.uexp" 811
"/run/user/1000/kio-fuse-CtXecu/file/home/cx9ps3/Albanian-Accident/Content/sprites/Player/PlayerFirstGun/PlayerFirstGun3.uasset" 812
"/run/user/1000/kio-fuse-CtXecu/file/home/cx9ps3/Albanian-Accident/Content/sprites/Player/PlayerFirstGun/PlayerFirstGun3.uexp" 813
"/run/user/1000/kio-fuse-CtXecu/file/home/cx9ps3/Albanian-Accident/Content/sprites/Player/PlayerFirstGun/PlayerFirstGun2.uasset" 814
"/run/user/1000/kio-fuse-CtXecu/file/home/cx9ps3/Albanian-Accident/Content/sprites/Player/PlayerFirstGun/PlayerFirstGun2.uexp" 815
"/run/user/1000/kio-fuse-CtXecu/file/home/cx9ps3/Albanian-Accident/Content/sprites/Player/PlayerFirstGun/PlayerFirstGun1.uasset" 816
"/run/user/1000/kio-fuse-CtXecu/file/home/cx9ps3/Albanian-Accident/Content/sprites/Player/PlayerFirstGun/PlayerFirstGun1.uexp" 817
"/run/user/1000/kio-fuse-CtXecu/file/home/cx9ps3/Albanian-Accident/Content/flipbooks/Player/PlayerFirstGun.uasset" 818
"/run/user/1000/kio-fuse-CtXecu/file/home/cx9ps3/Albanian-Accident/Content/flipbooks/Player/PlayerFirstGun.uexp" 819
"/run/user/1000/kio-fuse-CtXecu/file/home/cx9ps3/Albanian-Accident/Content/flipbooks/Player/PlayerDeath.uasset" 820
"/run/user/1000/kio-fuse-CtXecu/file/home/cx9ps3/Albanian-Accident/Content/flipbooks/Player/PlayerDeath.uexp" 821
"/run/user/1000/kio-fuse-CtXecu/file/home/cx9ps3/Albanian-Accident/Content/Test.umap" 822
"/run/user/1000/kio-fuse-CtXecu/file/home/cx9ps3/Albanian-Accident/Content/Test.uexp" 823
